247.21783781052
491.35007500648
729.85492396355
968.2081348896
1210.0118608475
1449.5394518375
1690.1251828671
1931.0164518356
2170.9970178604
2410.2574439049
2648.3496389389
2889.9167277813
3128.9087119102
3367.8013539314
3610.2053899765
3849.9447028637
4088.9588768482
4329.3317089081
4567.9266598225
4807.3041069508
5047.1416909695
5288.5096600056
5526.9940919876
5764.7238388062
6006.7309129238
6245.1993458271
6483.3812429905
6725.4314188957
6965.7215509415
7203.7665088177
7444.0286259651
7683.2801787853
7922.8811209202
8161.9681429863
8401.6970419884
8639.6388008595
8878.6939878464
9120.12885499
9358.8796308041
9596.9715709686
9839.6703598499
10078.332893848
10316.908900976
10558.806910992
10797.614211798
11036.406901836
11276.179939985
11515.98940587
11755.070392847
11994.027415991
12234.838024855
12474.245243788
12713.486816883
12955.233832836
13194.730402946
13433.62822485
13674.595690966
13857.193598986
14035.095044851
14212.088652849
14388.7934618
14568.083886862
14744.849902868
14921.372810841
15097.849848986
15274.7470119
15451.064428806
15627.572248936
15803.631869793
15980.265436888
16158.466602802
16334.488297939
16514.893044949
16692.160831928
16870.045554876
17046.580722809
17223.455061913
17400.193200827
17576.814938784
17754.669318914
17931.209284782
18108.294111013
18285.45313096
18461.628010988
18638.833573818
18813.843736887
18989.504515886
19166.683795929
19341.547158957
19517.755932808
19701.430579901
19884.555452824
20060.269680977
20235.318446875
20410.502979994
20584.927590847
20760.544495821
20935.819106817
21112.364906788
21287.032454967
