% mean class accuracy (train set)	
 4.9870e+01	
 5.0736e+01	
 5.3784e+01	
 5.2006e+01	
 5.3798e+01	
 5.2405e+01	
 5.2768e+01	
 5.2546e+01	
 5.3606e+01	
 5.2513e+01	
 5.2818e+01	
 5.3692e+01	
 5.1795e+01	
 5.2929e+01	
 5.4069e+01	
 5.5543e+01	
 5.2946e+01	
 5.2791e+01	
 5.2512e+01	
 5.2656e+01	
 5.2000e+01	
 5.6627e+01	
 5.4708e+01	
 5.4372e+01	
 5.4166e+01	
 5.4069e+01	
 5.5550e+01	
 5.2272e+01	
 5.3446e+01	
 5.3845e+01	
 5.3462e+01	
 5.3578e+01	
 5.4069e+01	
 5.3355e+01	
 5.3405e+01	
 5.2905e+01	
 5.2032e+01	
 5.4069e+01	
 5.2826e+01	
 5.1069e+01	
 5.4425e+01	
 5.1694e+01	
 5.4069e+01	
 5.1539e+01	
 5.3502e+01	
 5.4069e+01	
 5.4070e+01	
 5.3447e+01	
 5.2968e+01	
 5.0718e+01	
 5.3600e+01	
 5.2999e+01	
 5.4037e+01	
 5.3478e+01	
 5.4012e+01	
 5.3892e+01	
 5.2267e+01	
 5.3392e+01	
 5.0898e+01	
 5.3431e+01	
 5.4108e+01	
 5.2485e+01	
 5.3082e+01	
 5.1974e+01	
 5.3555e+01	
 5.2422e+01	
 5.2536e+01	
 5.4069e+01	
 5.3316e+01	
 5.2319e+01	
 5.2446e+01	
 5.2696e+01	
 5.4069e+01	
 5.3867e+01	
 5.1494e+01	
 5.1928e+01	
 5.5310e+01	
 5.3025e+01	
 5.3575e+01	
 5.3416e+01	
 5.4005e+01	
 5.5297e+01	
 5.3820e+01	
 5.3983e+01	
 5.1631e+01	
 5.3189e+01	
 5.2887e+01	
 5.5029e+01	
 5.3219e+01	
 5.4076e+01	
 5.2927e+01	
 5.4114e+01	
 5.0569e+01	
 5.3372e+01	
 5.4069e+01	
 5.3209e+01	
 5.2939e+01	
 5.4069e+01	
 5.4069e+01	
 5.2304e+01	
