668.27958798409
1327.2080271244
1987.5436060429
2651.6601760387
3316.7182121277
3979.9319829941
4642.2762899399
5303.3584709167
5963.4329929352
6622.5982539654
7282.5614490509
7943.4167189598
8605.2928659916
9263.8379669189
9922.9674880505
10581.884247065
11240.71082592
11899.733273983
12558.436024904
13217.317537069
13877.022753
14535.920342922
15195.916286945
15856.554796934
16515.88498497
17175.084346056
17834.223654985
18493.32813096
19153.074494123
19812.443279982
20472.741782904
21132.13713789
21791.673252106
22450.851195097
23110.519977093
23769.949116945
24429.728461027
25089.453097105
25748.796315908
26408.018044949
27069.449074984
27729.236997128
28388.586812973
29047.690465927
29707.056555033
30366.782625914
31025.832741022
31685.136790037
32344.506576061
33003.422620058
