% mean class accuracy (train set)	
 5.3836e+01	
 5.4281e+01	
 5.4315e+01	
 5.6395e+01	
 6.0137e+01	
 6.2995e+01	
 6.3825e+01	
 6.4583e+01	
 6.5402e+01	
 6.6114e+01	
 6.7178e+01	
 6.8123e+01	
 6.9627e+01	
 7.0829e+01	
 7.1871e+01	
 7.2941e+01	
 7.3786e+01	
 7.4796e+01	
 7.5642e+01	
 7.6361e+01	
 7.7104e+01	
 7.7612e+01	
 7.8619e+01	
 7.9289e+01	
 7.9822e+01	
 8.0613e+01	
 8.1199e+01	
 8.1773e+01	
 8.2390e+01	
 8.2872e+01	
 8.3346e+01	
 8.3885e+01	
 8.4401e+01	
 8.4715e+01	
 8.5201e+01	
 8.5593e+01	
 8.6016e+01	
 8.6385e+01	
 8.6746e+01	
 8.7000e+01	
 8.7357e+01	
 8.7555e+01	
 8.7850e+01	
 8.8142e+01	
 8.8361e+01	
 8.8672e+01	
 8.8827e+01	
 8.9068e+01	
 8.9331e+01	
 8.9469e+01	
