94.356163978577
180.28200507164
265.45444917679
350.69432115555
438.22434711456
580.18235015869
722.25947904587
865.36910295486
1009.1893770695
1153.1889181137
1298.693021059
1433.6083359718
1528.5543751717
1631.9287669659
1717.1610369682
1802.3732740879
1893.0032889843
1985.0038790703
2075.2449610233
2167.0080480576
2256.7581319809
2342.2665431499
2432.1629891396
2523.0359561443
2609.6065831184
2694.4058630466
2779.2150261402
2863.9993150234
2948.7761461735
3034.0452160835
3126.9698319435
3218.3478310108
3304.0037500858
3389.969604969
3481.2008991241
3576.836286068
3671.397739172
3766.4138700962
3861.4107270241
3955.9743590355
4050.7142481804
4145.6590380669
4240.6455099583
4336.7656881809
4431.2264111042
4525.5572309494
4620.0427880287
4712.5280361176
4803.0223021507
4895.7526750565
