% mean class accuracy (train set)	
 5.5256e+01	
 6.4015e+01	
 6.7587e+01	
 7.0065e+01	
 7.1533e+01	
 7.2689e+01	
 7.4060e+01	
 7.5057e+01	
 7.5983e+01	
 7.6520e+01	
 7.7166e+01	
 7.7893e+01	
 7.8536e+01	
 7.9471e+01	
 7.9327e+01	
 8.0205e+01	
 8.0453e+01	
 8.1135e+01	
 8.1584e+01	
 8.1907e+01	
 8.2163e+01	
 8.2649e+01	
 8.3074e+01	
 8.3411e+01	
 8.3668e+01	
 8.3725e+01	
 8.4051e+01	
 8.4361e+01	
 8.4594e+01	
 8.4633e+01	
 8.5031e+01	
 8.5400e+01	
 8.5474e+01	
 8.5620e+01	
 8.5995e+01	
 8.5973e+01	
 8.6209e+01	
 8.6578e+01	
 8.6592e+01	
 8.6881e+01	
 8.6875e+01	
 8.7199e+01	
 8.7240e+01	
 8.7354e+01	
 8.7595e+01	
 8.7611e+01	
 8.7743e+01	
 8.7890e+01	
 8.8105e+01	
 8.8115e+01	
