61.523790121078
117.41724205017
183.27154612541
238.0653090477
292.0804810524
347.76833510399
413.07388591766
477.93337202072
569.20491909981
659.77054810524
751.73772001266
850.4706389904
940.41224598885
1032.8416359425
1123.3033649921
1215.285697937
1307.7452919483
1398.9649219513
1492.4675951004
1583.9711871147
1676.1313579082
1767.9850850105
1858.848129034
1950.2281811237
2041.7431800365
2132.9777951241
2224.1612229347
2315.1012790203
2406.8600440025
2499.2789111137
2590.6930279732
2683.2536330223
2775.1611659527
2866.628469944
2959.9582340717
3051.438254118
3142.8331940174
3234.8539791107
3326.8265469074
3419.162156105
3510.8775169849
