% mean class accuracy (train set)	
 6.4625e+01	
 6.2731e+01	
 6.1874e+01	
 6.4679e+01	
 6.2813e+01	
 6.6311e+01	
 6.2423e+01	
 6.4284e+01	
 6.1946e+01	
 6.5457e+01	
 6.4057e+01	
 6.1999e+01	
 6.2385e+01	
 6.1565e+01	
 6.2084e+01	
 6.1830e+01	
 6.3843e+01	
 6.1048e+01	
 6.2911e+01	
 6.2449e+01	
 6.4822e+01	
 6.1890e+01	
 6.3584e+01	
 6.5638e+01	
 6.0728e+01	
 6.3792e+01	
 6.1835e+01	
 6.2932e+01	
 6.1173e+01	
 6.5601e+01	
 6.3523e+01	
 6.2386e+01	
 6.2962e+01	
 6.6595e+01	
 6.3536e+01	
 6.7097e+01	
 6.3301e+01	
 6.1905e+01	
 6.2968e+01	
 6.4451e+01	
 6.5725e+01	
