324.88880896568
642.04636907578
959.45850801468
1277.784651041
1596.344399929
1914.9228179455
2233.3320329189
2551.3810129166
2869.2726888657
3187.2774119377
3503.8139648438
3820.4366910458
4137.1297469139
4453.982738018
4771.50938797
5088.2394440174
5405.0086629391
5722.6516289711
6039.2085449696
6356.2221820354
6661.0332319736
6966.4873578548
7270.8034949303
7575.5086359978
7879.8070509434
8184.0892329216
8488.322357893
8793.0886690617
9097.4534189701
9402.063300848
9706.4597270489
10010.835788012
10315.07595706
10619.466699839
10923.725270987
11228.949703932
11533.302495003
11838.373048067
12142.604065895
12446.868906975
