% mean class accuracy (train set)	
 5.3296e+01	
 5.3889e+01	
 5.3931e+01	
 5.5313e+01	
 5.9533e+01	
 6.1539e+01	
 6.2227e+01	
 6.2513e+01	
 6.2698e+01	
 6.3127e+01	
 6.3255e+01	
 6.3721e+01	
 6.3998e+01	
 6.4358e+01	
 6.4798e+01	
 6.5469e+01	
 6.5987e+01	
 6.6691e+01	
 6.7428e+01	
 6.8013e+01	
 6.8483e+01	
 6.8511e+01	
 6.8529e+01	
 6.8606e+01	
 6.8502e+01	
 6.8583e+01	
 6.8575e+01	
 6.8713e+01	
 6.8474e+01	
 6.8645e+01	
 6.8477e+01	
 6.8588e+01	
 6.8520e+01	
 6.8564e+01	
 6.8781e+01	
 6.8564e+01	
 6.8714e+01	
 6.8610e+01	
 6.8565e+01	
 6.8598e+01	
