368.59085607529
730.82574701309
1094.6053981781
1458.4546329975
1822.7275550365
2187.2093582153
2551.2030541897
2915.7134611607
3279.523692131
3643.705520153
4007.4881269932
4371.1964430809
4733.6175401211
5096.8738160133
5459.3058381081
5822.4959499836
6185.1816542149
6547.2591350079
6909.3520991802
7271.9149181843
7633.8116772175
7995.7236471176
8357.8271741867
8719.8388051987
9081.9954190254
9443.8985900879
9807.8744871616
10170.638763189
10532.828343153
10895.467588186
11257.609977007
11620.604171991
11982.946124077
12345.301097155
12707.781984091
13070.108070135
13433.582799196
13796.985377073
14160.142089128
14524.093519211
14887.349378109
15250.967190981
15614.313868046
15977.473785162
16340.570386171
16703.555146217
17066.724755049
17430.250205994
17793.421895027
18156.963397026
