% mean class accuracy (train set)	
 5.3634e+01	
 5.4130e+01	
 5.4130e+01	
 5.4348e+01	
 5.7142e+01	
 6.1276e+01	
 6.2398e+01	
 6.2881e+01	
 6.3022e+01	
 6.3242e+01	
 6.3623e+01	
 6.4099e+01	
 6.4764e+01	
 6.5546e+01	
 6.6904e+01	
 6.7711e+01	
 6.8618e+01	
 6.9426e+01	
 6.9895e+01	
 7.0375e+01	
 7.0952e+01	
 7.1647e+01	
 7.2270e+01	
 7.3000e+01	
 7.3636e+01	
 7.4020e+01	
 7.4786e+01	
 7.5196e+01	
 7.5685e+01	
 7.6317e+01	
 7.6937e+01	
 7.7435e+01	
 7.7996e+01	
 7.8485e+01	
 7.8989e+01	
 7.9313e+01	
 7.9885e+01	
 8.0272e+01	
 8.0757e+01	
 8.1127e+01	
 8.1585e+01	
 8.1846e+01	
 8.2186e+01	
 8.2627e+01	
 8.2915e+01	
 8.3346e+01	
 8.3447e+01	
 8.3851e+01	
 8.4133e+01	
 8.4302e+01	
