122.13427400589
233.57699298859
344.62062096596
455.72864699364
566.54708480835
676.67345094681
788.3276720047
901.070925951
1011.7480938435
1122.3664829731
1234.2971549034
1343.8419239521
1454.4127988815
1565.0132880211
1676.2060279846
1789.1831588745
1901.575414896
2011.22793293
2121.8537368774
2232.452229023
2342.5469479561
2452.8310399055
2563.8754339218
2674.2208650112
2784.8937189579
2894.9040088654
3004.719288826
3116.6361210346
3227.2533688545
3337.1754148006
3446.9623389244
3557.1032009125
3667.9908258915
3778.7029879093
3888.3075489998
3999.7416079044
4109.8762559891
4220.6490638256
4331.0770769119
4442.1722898483
4553.3655328751
4662.5933878422
4744.2786138058
4807.5998859406
4876.0702450275
4941.789167881
5016.7674739361
5087.2968959808
5157.630936861
5223.5428948402
