% mean class accuracy (train set)	
 6.1095e+01	
 6.4068e+01	
 6.4978e+01	
 6.5603e+01	
 6.6588e+01	
 6.6532e+01	
 6.6743e+01	
 6.7420e+01	
 6.6864e+01	
 6.7272e+01	
 6.7789e+01	
 6.7634e+01	
 6.7782e+01	
 6.8016e+01	
 6.7924e+01	
 6.8087e+01	
 6.8003e+01	
 6.8274e+01	
 6.8099e+01	
 6.8524e+01	
 6.8334e+01	
 6.8394e+01	
 6.8254e+01	
 6.8443e+01	
 6.8710e+01	
 6.8130e+01	
 6.8692e+01	
 6.8629e+01	
 6.8628e+01	
 6.8721e+01	
 6.8562e+01	
 6.8871e+01	
 6.8653e+01	
 6.8561e+01	
 6.8754e+01	
 6.7895e+01	
 6.8475e+01	
 6.8425e+01	
 6.8001e+01	
 6.7220e+01	
 6.6836e+01	
 6.6446e+01	
 6.6306e+01	
 6.6738e+01	
 6.6925e+01	
 6.6929e+01	
 6.6892e+01	
 6.6912e+01	
 6.6608e+01	
 6.6670e+01	
