162.43903422356
320.41816520691
474.76326918602
627.35938405991
780.82844805717
937.61202716827
1091.7044980526
1245.7453100681
1399.9339280128
1532.6438322067
1618.8917570114
1703.9183239937
1789.7352721691
1892.571295023
2045.3166651726
2195.3565812111
2345.2659480572
2495.900231123
2650.3452870846
2803.0022821426
2953.3249611855
3108.571390152
3260.3833432198
3413.8747270107
3568.2322340012
3720.3962039948
3872.5173871517
4022.9071230888
4173.0977771282
4326.3069491386
4478.9123840332
4633.5825791359
4783.9749619961
4935.13778615
5086.5342810154
5236.2707750797
5389.125838995
5491.5952291489
5576.9208641052
5662.1656610966
5748.1743340492
5833.5434091091
5918.8878819942
6004.3410232067
6089.8783140182
6175.2408971786
6260.5788230896
6345.9843561649
6431.2477610111
6516.1686282158
