% mean class accuracy (train set)	
 5.5418e+01	
 6.4651e+01	
 6.8358e+01	
 7.0847e+01	
 7.2476e+01	
 7.3594e+01	
 7.5030e+01	
 7.6116e+01	
 7.7080e+01	
 7.7646e+01	
 7.8272e+01	
 7.9044e+01	
 7.9646e+01	
 8.0713e+01	
 8.0602e+01	
 8.1358e+01	
 8.1725e+01	
 8.2432e+01	
 8.2862e+01	
 8.3241e+01	
 8.3405e+01	
 8.3907e+01	
 8.4456e+01	
 8.4701e+01	
 8.4866e+01	
 8.5134e+01	
 8.5361e+01	
 8.5768e+01	
 8.5941e+01	
 8.6210e+01	
 8.6588e+01	
 8.6879e+01	
 8.7022e+01	
 8.7109e+01	
 8.7438e+01	
 8.7599e+01	
 8.7717e+01	
 8.8091e+01	
 8.8132e+01	
 8.8359e+01	
 8.8487e+01	
 8.8795e+01	
 8.8852e+01	
 8.9024e+01	
 8.9184e+01	
 8.9281e+01	
 8.9284e+01	
 8.9490e+01	
 8.9672e+01	
 8.9814e+01	
