% mean class accuracy (train set)	
 6.0516e+01	
 6.7359e+01	
 6.9198e+01	
 6.9001e+01	
 6.9804e+01	
 6.8732e+01	
 6.9520e+01	
 6.9289e+01	
 6.9962e+01	
 6.8826e+01	
 7.0013e+01	
 6.9532e+01	
 7.1478e+01	
 7.1764e+01	
 7.0911e+01	
 7.2607e+01	
 7.1350e+01	
 7.3413e+01	
 7.2501e+01	
 7.2961e+01	
 7.1704e+01	
 7.2690e+01	
 7.3003e+01	
 7.4010e+01	
 7.3410e+01	
 7.2784e+01	
 7.2966e+01	
 7.3719e+01	
 7.3689e+01	
 7.3227e+01	
 7.3305e+01	
 7.2851e+01	
 7.4054e+01	
 7.2995e+01	
 7.3391e+01	
 7.4677e+01	
 7.3435e+01	
 7.3492e+01	
 7.3765e+01	
 7.4946e+01	
 7.4798e+01	
 7.4065e+01	
 7.4121e+01	
 7.1636e+01	
 7.4409e+01	
 7.3214e+01	
 7.3880e+01	
 7.2960e+01	
 7.3417e+01	
 7.3269e+01	
 7.4549e+01	
 7.4646e+01	
 7.5038e+01	
 7.3631e+01	
 7.4023e+01	
 7.4529e+01	
 7.3063e+01	
 7.4378e+01	
 7.5516e+01	
 7.4723e+01	
 7.4425e+01	
 7.5175e+01	
 7.5392e+01	
 7.5804e+01	
 7.4180e+01	
 7.5169e+01	
 7.5234e+01	
 7.4695e+01	
 7.4852e+01	
 7.5632e+01	
 7.5610e+01	
 7.5478e+01	
 7.5079e+01	
 7.6920e+01	
 7.5412e+01	
 7.5991e+01	
 7.6049e+01	
 7.5324e+01	
 7.5367e+01	
 7.5958e+01	
 7.5243e+01	
 7.5810e+01	
 7.4277e+01	
 7.5188e+01	
 7.5998e+01	
 7.6281e+01	
 7.6343e+01	
 7.6383e+01	
 7.6091e+01	
 7.7504e+01	
 7.5448e+01	
 7.6044e+01	
 7.6768e+01	
 7.7023e+01	
 7.5473e+01	
 7.6275e+01	
 7.7325e+01	
 7.6477e+01	
 7.6042e+01	
 7.6597e+01	
