188.18942809105
362.54360604286
536.97361207008
714.62057709694
892.37095713615
1068.8581719398
1247.2420260906
1425.3198239803
1601.0317819118
1776.9570119381
1953.212608099
2128.8227801323
2307.3030149937
2484.6406040192
2663.5037801266
2842.7297120094
3020.511578083
3198.009706974
3375.4108150005
3483.5366110802
3573.6530799866
3663.4435279369
3753.2956850529
3843.5291130543
3933.9850990772
4024.2415621281
4113.9517629147
4204.2234461308
4294.5589499474
4384.9106199741
4475.810696125
4566.6152789593
4656.5195651054
4746.5945510864
4837.1326909065
4927.7168021202
5017.971280098
5109.1472399235
5199.7090730667
5290.8455450535
5381.5453820229
5471.9569320679
5562.0135600567
5653.1303501129
5743.4005961418
5833.971889019
5924.2186341286
6013.1306540966
6102.3516259193
6192.7022650242
