% mean class accuracy (train set)	
 7.5503e+01	
 7.6166e+01	
 7.7961e+01	
 7.9055e+01	
 8.0666e+01	
 8.1485e+01	
 8.1776e+01	
 8.2764e+01	
 8.3694e+01	
 8.4735e+01	
 8.4895e+01	
 8.5407e+01	
 8.5871e+01	
 8.6609e+01	
 8.7337e+01	
 8.7562e+01	
 8.7778e+01	
 8.8057e+01	
 8.8411e+01	
 8.9132e+01	
 8.9036e+01	
 8.9553e+01	
 8.9921e+01	
 8.9981e+01	
 9.0346e+01	
 9.0537e+01	
 9.0743e+01	
 9.0858e+01	
 9.1243e+01	
 9.1617e+01	
 9.1473e+01	
 9.1626e+01	
 9.2171e+01	
 9.2280e+01	
 9.2429e+01	
 9.2745e+01	
 9.2612e+01	
 9.2739e+01	
 9.2962e+01	
 9.3010e+01	
 9.3288e+01	
 9.3480e+01	
 9.3418e+01	
 9.3639e+01	
 9.3738e+01	
 9.3806e+01	
 9.4018e+01	
 9.4021e+01	
 9.4041e+01	
 9.4302e+01	
