443.96713399887
879.48479199409
1314.7907941341
1750.1936500072
2187.7058951855
2626.0193221569
3063.9622960091
3502.1529350281
3939.8965690136
4376.2719211578
4814.4157280922
5251.0826570988
5689.483397007
6126.1817831993
6563.8942980766
7000.9853620529
7437.443582058
7873.4624249935
8308.881934166
8744.8922150135
9163.4663190842
9581.2066850662
9998.766546011
10417.225229979
10835.18802309
11253.466634989
11671.139676094
12090.119399071
12508.272982121
12925.844943047
13343.283810139
13760.943948984
14179.517904043
14596.87729001
15014.84803319
15433.024308205
15850.495424032
16269.265882015
16686.835015059
17104.602725983
