% mean class accuracy (train set)	
 5.3818e+01	
 5.3820e+01	
 5.3820e+01	
 5.3896e+01	
 5.6164e+01	
 5.9415e+01	
 6.1291e+01	
 6.2931e+01	
 6.3562e+01	
 6.4056e+01	
 6.4493e+01	
 6.5092e+01	
 6.5841e+01	
 6.6827e+01	
 6.7687e+01	
 6.8531e+01	
 6.9059e+01	
 6.9733e+01	
 7.0204e+01	
 7.0540e+01	
 7.0777e+01	
 7.0815e+01	
 7.0827e+01	
 7.0739e+01	
 7.0773e+01	
 7.0817e+01	
 7.0839e+01	
 7.0754e+01	
 7.1019e+01	
 7.0923e+01	
 7.0823e+01	
 7.0844e+01	
 7.0869e+01	
 7.0913e+01	
 7.0814e+01	
 7.0782e+01	
 7.0948e+01	
 7.0836e+01	
 7.0972e+01	
 7.1005e+01	
