454.27441215515
895.18794512749
1334.7012791634
1771.6170210838
2208.118803978
2645.8314990997
3082.839810133
3519.2561640739
3955.7719290257
4392.3777229786
4828.6873650551
5264.8972280025
5700.6977851391
6137.9074480534
6573.4245421886
7009.1217660904
7445.1396660805
7882.2471530437
8317.7417039871
8753.2387731075
9189.558371067
9624.757073164
10060.049724102
10495.840487957
10931.134339094
11366.941198111
11802.450020075
12238.055838108
12673.453103065
13108.763854027
13544.679582119
13979.676717043
14414.584614038
14850.591902971
15287.490877151
15722.483208179
16157.786270142
16593.874053001
17029.30329299
17465.173346043
