% mean class accuracy (train set)	
 6.8965e+01	
 7.5703e+01	
 8.0175e+01	
 8.2903e+01	
 8.4823e+01	
 8.6290e+01	
 8.7359e+01	
 8.8149e+01	
 8.9011e+01	
 8.9582e+01	
 9.0236e+01	
 9.0659e+01	
 9.1031e+01	
 9.1441e+01	
 9.1730e+01	
 9.2148e+01	
 9.2305e+01	
 9.2502e+01	
 9.2762e+01	
 9.2914e+01	
 9.3099e+01	
 9.3259e+01	
 9.3469e+01	
 9.3610e+01	
 9.3700e+01	
 9.3936e+01	
 9.4077e+01	
 9.4269e+01	
 9.4333e+01	
 9.4432e+01	
 9.4510e+01	
 9.4735e+01	
 9.4792e+01	
 9.4822e+01	
 9.4916e+01	
 9.4950e+01	
 9.5148e+01	
 9.5193e+01	
 9.5298e+01	
 9.5361e+01	
