269.37024497986
527.55595088005
783.71963691711
1041.2131688595
1298.2944250107
1557.2506268024
1812.7078590393
2070.9335999489
2326.2373228073
2581.6751418114
2837.2244429588
3095.8026340008
3350.9319438934
3604.9544808865
3859.5306999683
4115.0730438232
4369.1700499058
4623.0506060123
4876.8372499943
5127.9413499832
5379.862156868
5633.0367879868
5886.308934927
6139.0210318565
6392.094026804
6644.0752339363
6896.0231869221
7151.7748160362
7408.0145938396
7661.0416908264
7914.1971819401
8166.6092209816
8414.3337118626
8664.3376708031
8918.2890179157
9171.7161879539
9424.0082440376
9675.8097279072
9891.3482480049
10089.413218021
10288.215461016
10487.012421846
10684.740767956
10882.743033886
11052.373183966
11166.424678802
11280.452451944
11394.631743908
11508.729820013
11623.459028006
