% mean class accuracy (train set)	
 7.5245e+01	
 7.5146e+01	
 7.7138e+01	
 7.8725e+01	
 8.0079e+01	
 8.0863e+01	
 8.2202e+01	
 8.2687e+01	
 8.3612e+01	
 8.4115e+01	
 8.5070e+01	
 8.5652e+01	
 8.6224e+01	
 8.7073e+01	
 8.7084e+01	
 8.7698e+01	
 8.8120e+01	
 8.8569e+01	
 8.8813e+01	
 8.9342e+01	
 8.9645e+01	
 9.0035e+01	
 9.0163e+01	
 9.0723e+01	
 9.0578e+01	
 9.1001e+01	
 9.1430e+01	
 9.1765e+01	
 9.1964e+01	
 9.2197e+01	
 9.2128e+01	
 9.2470e+01	
 9.2816e+01	
 9.2786e+01	
 9.3129e+01	
 9.3358e+01	
 9.3423e+01	
 9.3636e+01	
 9.3686e+01	
 9.3811e+01	
 9.4162e+01	
 9.4217e+01	
 9.4462e+01	
 9.4348e+01	
 9.4636e+01	
 9.4725e+01	
 9.4799e+01	
 9.5093e+01	
 9.5088e+01	
 9.5230e+01	
