101.39660906792
194.60718393326
286.34026002884
378.00176811218
469.59364199638
561.16184401512
653.97767996788
745.96555709839
860.48462104797
1010.8653740883
1161.3108620644
1315.820430994
1469.156388998
1620.145827055
1771.375109911
1922.5756080151
2074.1521100998
2225.7251410484
2377.8190059662
2532.7155849934
2687.2850670815
2837.1208050251
2985.9432759285
3137.4771881104
3286.8575539589
3437.2115659714
3591.4428460598
3745.1935830116
3899.196023941
4050.7739949226
4201.8455610275
4354.4691610336
4505.8800489902
4659.9430449009
4812.5583229065
4965.4015440941
5120.1881239414
5272.0730240345
5424.4942579269
5575.1375899315
5725.3812069893
5878.5373370647
6032.8057990074
6186.9012670517
6339.824657917
6491.7351529598
6642.5195839405
6793.0770609379
6941.0966770649
7055.8739569187
