% mean class accuracy (train set)	
 5.4578e+01	
 5.4725e+01	
 5.4532e+01	
 5.5328e+01	
 5.4995e+01	
 5.5869e+01	
 5.8577e+01	
 6.0171e+01	
 6.2134e+01	
 6.2025e+01	
 6.3736e+01	
 6.4226e+01	
 6.4532e+01	
 6.4749e+01	
 6.5044e+01	
 6.5226e+01	
 6.5426e+01	
 6.5751e+01	
 6.5827e+01	
 6.5988e+01	
 6.6184e+01	
 6.6300e+01	
 6.6327e+01	
 6.6491e+01	
 6.6662e+01	
 6.6857e+01	
 6.7033e+01	
 6.7047e+01	
 6.7183e+01	
 6.7285e+01	
 6.7454e+01	
 6.7593e+01	
 6.7641e+01	
 6.7762e+01	
 6.7758e+01	
 6.7745e+01	
 6.8054e+01	
 6.8130e+01	
 6.8192e+01	
 6.8170e+01	
 6.8329e+01	
 6.8348e+01	
 6.8469e+01	
 6.8524e+01	
 6.8553e+01	
 6.8730e+01	
 6.8743e+01	
 6.8786e+01	
 6.8871e+01	
 6.8858e+01	
