195.66836690903
381.73772501945
567.01719403267
753.28146290779
939.5280418396
1126.5110518932
1314.6789648533
1502.0925769806
1687.2354428768
1872.4575309753
2058.3928480148
2242.7625629902
2427.9472520351
2614.7894639969
2799.2756559849
2984.9561898708
3169.8868448734
3355.6700098515
3541.3815419674
3727.0202109814
3912.7966418266
4098.3497078419
4283.7557380199
4470.3546459675
4655.8366589546
4841.5031988621
5026.7576749325
5212.2227008343
5397.9296519756
5584.11678195
5769.3042678833
5954.439688921
6141.4201109409
6327.1278009415
6512.315792799
6697.1281268597
6886.2149248123
7071.5333108902
7257.3681058884
7443.6112449169
7629.6388278008
7814.881734848
7999.6894049644
8186.3412168026
8371.8125729561
8556.8211829662
8742.5814788342
8927.8981540203
9113.3712007999
9298.9701039791
9485.0555448532
9670.145004034
9854.9828598499
10042.549249887
10227.398733854
10412.10992384
10598.032218933
10783.363014936
10967.603904963
11152.707459927
11337.60656786
11523.052260876
11708.652122974
11894.580932856
12079.086338997
12264.680553913
12451.847864866
12637.289566994
12822.693114996
13008.71001792
13194.587467909
13380.359530926
13565.5625
13751.690814972
13936.970202923
14124.321060896
14310.500415802
14495.606805801
14680.441489935
14865.881197929
15051.008455992
15235.665865898
15420.423666954
15605.134730816
15789.105788946
15973.368348837
16158.848346949
16344.106659889
16528.975822926
16714.751814842
16899.955235004
17086.819736004
17272.083871841
17458.031589985
17644.858974934
17810.658334017
17926.539570808
18042.472968817
18158.023182869
18273.926142931
