178.67028188705
355.67720293999
534.45509910583
714.67297101021
893.58899688721
1071.9811201096
1250.3405508995
1427.737664938
1605.772867918
1783.7374179363
1964.6091110706
2143.9776160717
2323.5080718994
2502.9925870895
2683.1086649895
2859.7075099945
3038.0610671043
3218.3762741089
3398.1903910637
3651.2434680462
3949.5970919132
4256.3315091133
4555.1921200752
4855.5813128948
5160.1314110756
5459.6716210842
5758.5373299122
6060.548527956
6360.083411932
6659.726485014
6964.1962070465
7257.2337620258
7556.8401360512
7861.7689731121
8161.8454620838
8462.7677199841
8760.5135579109
9060.0506091118
9366.7213580608
9657.6790120602
9951.0332949162
10261.004061937
10558.037467003
10855.49417305
11156.059098959
11457.630773067
11759.356901884
12060.154586077
12360.748946905
12668.893619061
