% mean class accuracy (train set)	
 4.7161e+01	
 5.4129e+01	
 5.4129e+01	
 5.4129e+01	
 5.4129e+01	
 5.4129e+01	
 5.4129e+01	
 5.4129e+01	
 5.4129e+01	
 5.4131e+01	
 5.4147e+01	
 5.4169e+01	
 5.4277e+01	
 5.4425e+01	
 5.5507e+01	
 5.6185e+01	
 5.7380e+01	
 5.7893e+01	
 5.9020e+01	
 6.1527e+01	
 6.2449e+01	
 6.3110e+01	
 6.3855e+01	
 6.4569e+01	
 6.4517e+01	
 6.4834e+01	
 6.4939e+01	
 6.5246e+01	
 6.5320e+01	
 6.5590e+01	
 6.5778e+01	
 6.5831e+01	
 6.5931e+01	
 6.6059e+01	
 6.6197e+01	
 6.6390e+01	
 6.6410e+01	
 6.6347e+01	
 6.6609e+01	
 6.6931e+01	
 6.6816e+01	
 6.6970e+01	
 6.7043e+01	
 6.7050e+01	
 6.7181e+01	
 6.7253e+01	
 6.7416e+01	
 6.7499e+01	
 6.7466e+01	
 6.7680e+01	
