63.375126123428
120.3317399025
197.84242606163
287.30457901955
376.79998111725
467.02921795845
556.50280594826
645.45081496239
738.07950091362
828.92465806007
919.19311308861
1008.2733299732
1098.5446960926
1190.0203840733
1281.0336520672
1370.629570961
1460.9817819595
1550.9425671101
1641.255286932
1730.6196489334
1820.7620239258
1910.0006771088
2000.8171720505
2092.9381620884
2183.5224719048
2273.212211132
2362.7987561226
2452.1506810188
2542.1798970699
2632.0965781212
2722.0120530128
2812.1148190498
2901.5458800793
2992.7023699284
3082.4465301037
3172.8515341282
3264.4688401222
3353.8069911003
3446.0875480175
3538.186355114
3627.7669899464
3717.7939009666
3807.3468780518
3899.7329289913
3994.2524900436
4088.3426189423
4180.9324679375
4270.8081200123
4361.7994530201
4451.3605649471
