% mean class accuracy (train set)	
 5.9293e+01	
 6.4435e+01	
 6.5091e+01	
 6.6139e+01	
 6.5718e+01	
 6.5923e+01	
 6.6650e+01	
 6.7170e+01	
 6.7035e+01	
 6.7307e+01	
 6.7409e+01	
 6.7656e+01	
 6.7639e+01	
 6.8000e+01	
 6.8173e+01	
 6.8154e+01	
 6.8019e+01	
 6.8674e+01	
 6.8334e+01	
 6.8399e+01	
 6.8565e+01	
 6.8590e+01	
 6.8550e+01	
 6.8578e+01	
 6.8415e+01	
 6.8618e+01	
 6.8905e+01	
 6.8405e+01	
 6.8672e+01	
 6.8337e+01	
 6.8573e+01	
 6.9066e+01	
 6.8926e+01	
 6.8556e+01	
 6.8493e+01	
 6.9275e+01	
 6.8901e+01	
 6.8903e+01	
 6.8787e+01	
 6.9054e+01	
 6.9272e+01	
 6.8977e+01	
 6.9090e+01	
 6.9106e+01	
 6.8758e+01	
 6.9022e+01	
 6.9172e+01	
 6.8863e+01	
 6.9636e+01	
 6.9195e+01	
