77.404942989349
170.05968594551
261.51464295387
352.62273383141
443.60114097595
534.72680592537
625.66558885574
717.94456887245
808.94963693619
940.54895186424
1089.1087360382
1237.4569938183
1388.1660878658
1541.1306350231
1695.3504638672
1848.6347210407
2000.6299438477
2150.8494260311
2301.4115059376
2448.9602589607
2600.3044419289
2754.3164708614
2908.5281589031
3061.7656898499
3213.0782968998
3363.6274800301
3511.4944369793
3659.6369409561
3811.5064918995
3966.2220988274
4118.7220408916
4271.0522449017
4421.3435089588
4570.7293858528
4721.8119499683
4870.3135068417
5023.484967947
5173.8844678402
5327.2795579433
5474.8919668198
5624.6918869019
5774.02363801
5922.5805048943
6069.4225649834
6223.7037069798
6377.2645218372
6525.7423739433
6674.0102119446
6822.935833931
6972.3913860321
