% mean class accuracy (train set)	
 5.5465e+01	
 5.8181e+01	
 5.9110e+01	
 6.1085e+01	
 6.1429e+01	
 6.2698e+01	
 6.4039e+01	
 6.4583e+01	
 6.5008e+01	
 6.4947e+01	
 6.5424e+01	
 6.5654e+01	
 6.5797e+01	
 6.5939e+01	
 6.6077e+01	
 6.6142e+01	
 6.6311e+01	
 6.6701e+01	
 6.6647e+01	
 6.6850e+01	
 6.6974e+01	
 6.7044e+01	
 6.7051e+01	
 6.7126e+01	
 6.7218e+01	
 6.7443e+01	
 6.7604e+01	
 6.7538e+01	
 6.7623e+01	
 6.7732e+01	
 6.7822e+01	
 6.7977e+01	
 6.7965e+01	
 6.8063e+01	
 6.7955e+01	
 6.8013e+01	
 6.8266e+01	
 6.8344e+01	
 6.8310e+01	
 6.8332e+01	
 6.8446e+01	
 6.8360e+01	
 6.8547e+01	
 6.8533e+01	
 6.8529e+01	
 6.8757e+01	
 6.8794e+01	
 6.8728e+01	
 6.8919e+01	
 6.8847e+01	
