156.73311305046
338.72405290604
516.99177503586
696.03920698166
873.29368305206
1050.3852090836
1228.4768550396
1406.9721250534
1585.3885359764
1766.6388609409
1948.4922819138
2129.9412550926
2309.6282250881
2492.6941359043
2671.2653250694
2851.8775269985
3029.8707261086
3208.5200550556
3390.0000300407
3511.9026579857
3602.478071928
3693.545550108
3784.7684569359
3875.281306982
3965.7373960018
4056.4903819561
4148.5181179047
4239.3696398735
4329.9462609291
4421.30159688
4512.6162180901
4603.1445839405
4695.9108250141
4786.9019908905
4877.9289629459
4968.2136209011
5059.3799440861
5150.4724071026
5242.2954878807
5333.3106839657
5424.1774539948
5515.7473289967
5607.5203869343
5698.545566082
5789.3990209103
5881.2865860462
5972.1665160656
6066.4983899593
6157.7524940968
6243.2621760368
