% mean class accuracy (train set)	
 6.5302e+01	
 6.9929e+01	
 7.0012e+01	
 7.1189e+01	
 7.1113e+01	
 7.1974e+01	
 7.1459e+01	
 7.1330e+01	
 7.1101e+01	
 7.1189e+01	
 7.2242e+01	
 7.0704e+01	
 7.1236e+01	
 7.2340e+01	
 7.2216e+01	
 7.2554e+01	
 7.2498e+01	
 7.1324e+01	
 7.1111e+01	
 7.2052e+01	
 7.1461e+01	
 7.1868e+01	
 7.1767e+01	
 7.2962e+01	
 7.2191e+01	
 7.2143e+01	
 7.1419e+01	
 7.1931e+01	
 7.1914e+01	
 7.2872e+01	
 7.2073e+01	
 7.1317e+01	
 7.3082e+01	
 7.2859e+01	
 7.2493e+01	
 7.4181e+01	
 7.3210e+01	
 7.3104e+01	
 7.3326e+01	
 7.4257e+01	
 7.3643e+01	
 7.4437e+01	
 7.3693e+01	
 7.4148e+01	
 7.4547e+01	
 7.4271e+01	
 7.4837e+01	
 7.5347e+01	
 7.3518e+01	
 7.4446e+01	
