171.1485888958
330.96937203407
490.73537302017
650.53802204132
809.42956089973
969.36985588074
1129.2638809681
1289.118639946
1448.9535570145
1607.3781569004
1765.9227249622
1924.4641058445
2084.9748699665
2244.8599019051
2403.2817940712
2561.9547100067
2720.477504015
2879.874917984
3038.362459898
3196.9470188618
3355.4166738987
3514.4463319778
3672.9701969624
3832.8050060272
3991.3443000317
4149.8593480587
4309.7290370464
4470.5652070045
4631.5850498676
4793.7097010612
4956.1492209435
5117.9891600609
5279.1234428883
5440.8973929882
5601.0120089054
5763.2146949768
5926.0265698433
6085.7555370331
6245.722867012
6407.8084938526
6568.3995649815
6729.5000698566
6891.7782919407
7053.4047279358
7213.1526510715
7374.2618238926
7535.9491539001
7695.9018349648
7858.7535760403
8019.3590128422
