% mean class accuracy (train set)	
 5.2407e+01	
 5.5182e+01	
 5.8353e+01	
 6.0514e+01	
 6.2178e+01	
 6.3550e+01	
 6.4869e+01	
 6.6124e+01	
 6.7205e+01	
 6.8156e+01	
 6.9042e+01	
 6.9852e+01	
 7.0608e+01	
 7.1392e+01	
 7.2055e+01	
 7.2678e+01	
 7.3322e+01	
 7.3999e+01	
 7.4501e+01	
 7.4878e+01	
 7.5613e+01	
 7.6074e+01	
 7.6455e+01	
 7.7011e+01	
 7.7434e+01	
 7.7773e+01	
 7.8179e+01	
 7.8533e+01	
 7.8922e+01	
 7.9407e+01	
 7.9670e+01	
 8.0000e+01	
 8.0332e+01	
 8.0702e+01	
 8.0907e+01	
 8.1194e+01	
 8.1592e+01	
 8.1781e+01	
 8.2041e+01	
 8.2322e+01	
 8.2564e+01	
 8.2806e+01	
 8.3054e+01	
 8.3247e+01	
 8.3494e+01	
 8.3720e+01	
 8.3869e+01	
 8.4124e+01	
 8.4309e+01	
 8.4532e+01	
