% mean class accuracy (train set)	
 5.3065e+01	
 5.4048e+01	
 5.4048e+01	
 5.4048e+01	
 5.4048e+01	
 5.4048e+01	
 5.4048e+01	
 5.4875e+01	
 5.9168e+01	
 6.2114e+01	
 6.2529e+01	
 6.2844e+01	
 6.3238e+01	
 6.3674e+01	
 6.4482e+01	
 6.5615e+01	
 6.6782e+01	
 6.7652e+01	
 6.8412e+01	
 6.9011e+01	
 6.9577e+01	
 7.0067e+01	
 7.0351e+01	
 7.0813e+01	
 7.1407e+01	
 7.1841e+01	
 7.2344e+01	
 7.2664e+01	
 7.3021e+01	
 7.3611e+01	
 7.4119e+01	
 7.4555e+01	
 7.5049e+01	
 7.5545e+01	
 7.6160e+01	
 7.6483e+01	
 7.7235e+01	
 7.7926e+01	
 7.8341e+01	
 7.9094e+01	
