1731.6796541214
3560.2072131634
5407.172440052
7261.9675500393
8960.2673890591
9535.1349201202
10104.94927907
10674.342735052
11244.194913149
11814.856194019
12385.486025095
12953.546231985
13522.60169816
14090.375369072
14659.539715052
15229.522168159
15799.205161095
16368.769514084
16937.501496077
17505.720941067
18073.805267096
18642.028619051
19211.268166065
19779.493428946
20350.289266109
21009.142456055
21669.27811408
22331.986338139
22991.346688986
23652.323894978
24314.490913153
24974.951198101
25635.525472164
26298.443099976
26958.972691059
27619.362112045
28281.446668148
28941.767224073
29603.156723022
30266.633775949
30840.793686867
31412.055323839
31981.229720831
32550.324306011
33119.616426945
33691.491902828
34263.055896997
34835.400768995
35405.674387932
35976.025818825
36546.094333887
37116.107393026
37687.090762854
38258.574568033
38829.219582796
39399.466795921
39969.419236898
40539.613607883
41109.738286972
41680.204017878
42250.703737974
42821.620132923
43391.406725883
43961.280323982
44530.991557837
45101.690441847
45671.749433994
46241.258934021
46811.903723001
47381.794286013
47953.215595961
48523.038522959
49092.949535847
49662.686476946
50232.560653925
50802.221339941
51371.547310829
51940.543957949
52510.546576977
53079.615885973
