% mean class accuracy (train set)	
 5.3065e+01	
 5.4048e+01	
 5.4048e+01	
 5.4048e+01	
 5.4048e+01	
 5.4048e+01	
 5.4048e+01	
 5.4875e+01	
 5.9168e+01	
 6.2114e+01	
 6.2529e+01	
 6.2844e+01	
 6.3238e+01	
 6.3674e+01	
 6.4482e+01	
 6.5615e+01	
 6.6782e+01	
 6.7652e+01	
 6.8412e+01	
 6.9011e+01	
 6.9577e+01	
 7.0067e+01	
 7.0351e+01	
 7.0813e+01	
 7.1407e+01	
 7.1841e+01	
 7.2344e+01	
 7.2664e+01	
 7.3021e+01	
 7.3611e+01	
 7.4119e+01	
 7.4555e+01	
 7.5049e+01	
 7.5545e+01	
 7.6160e+01	
 7.6483e+01	
 7.7235e+01	
 7.7926e+01	
 7.8341e+01	
 7.9094e+01	
 6.8269e+01	
 6.8943e+01	
 6.9488e+01	
 6.9783e+01	
 7.0393e+01	
 7.0832e+01	
 7.1413e+01	
 7.1798e+01	
 7.2265e+01	
 7.2769e+01	
 7.3183e+01	
 7.3518e+01	
 7.4059e+01	
 7.4541e+01	
 7.4996e+01	
 7.5556e+01	
 7.6150e+01	
 7.6631e+01	
 7.7138e+01	
 7.7846e+01	
 7.8485e+01	
 7.8972e+01	
 7.9792e+01	
 8.0331e+01	
 8.0794e+01	
 8.1691e+01	
 8.2086e+01	
 8.2615e+01	
 8.3230e+01	
 8.3778e+01	
 8.4385e+01	
 8.4671e+01	
 8.5314e+01	
 8.5626e+01	
 8.6113e+01	
 8.6575e+01	
 8.6968e+01	
 8.7188e+01	
 8.7582e+01	
 8.8030e+01	
