334.26177096367
605.39075994492
722.7810189724
840.21584010124
956.50455498695
1073.895483017
1191.0638458729
1351.7918789387
1630.5328009129
1746.3521249294
1862.3334438801
1978.2586019039
2204.2544410229
2511.4741590023
2831.8194611073
3148.4917910099
3468.5682880878
3787.5390620232
4106.0302219391
4427.5487389565
4744.5700581074
5066.6380300522
5382.8624939919
5702.256706953
6022.7235770226
6341.9608359337
6663.8438050747
6980.5586760044
7300.6003658772
7621.1474831104
7937.914675951
8259.7755858898
8578.2361319065
8895.1886460781
