% mean class accuracy (train set)	
 6.4957e+01	
 6.7929e+01	
 6.7522e+01	
 6.8401e+01	
 6.8623e+01	
 6.7776e+01	
 6.9227e+01	
 7.0390e+01	
 6.9691e+01	
 7.0047e+01	
 6.9794e+01	
 7.0596e+01	
 7.0308e+01	
 7.0287e+01	
 7.1354e+01	
 6.9457e+01	
 7.1230e+01	
 7.1528e+01	
 7.1965e+01	
 7.1398e+01	
 7.2481e+01	
 7.1657e+01	
 7.1467e+01	
 7.2682e+01	
 7.0873e+01	
 7.2585e+01	
 7.2572e+01	
 7.0714e+01	
 7.1978e+01	
 7.1970e+01	
 7.2178e+01	
 7.1988e+01	
 7.1819e+01	
 7.2602e+01	
 7.2225e+01	
 7.2064e+01	
 7.3494e+01	
 7.4324e+01	
 7.2880e+01	
 7.4043e+01	
 7.4664e+01	
 7.3067e+01	
 7.3824e+01	
 7.4236e+01	
 7.4615e+01	
 7.3489e+01	
 7.4641e+01	
 7.3931e+01	
 7.2659e+01	
 7.4655e+01	
 7.3252e+01	
 7.4054e+01	
 7.3242e+01	
 7.3885e+01	
 7.3876e+01	
 7.4286e+01	
 7.3779e+01	
 7.4315e+01	
 7.4555e+01	
 7.4160e+01	
 7.4263e+01	
 7.4957e+01	
 7.4562e+01	
 7.5150e+01	
 7.4997e+01	
 7.4645e+01	
 7.5069e+01	
 7.5428e+01	
 7.5134e+01	
 7.4799e+01	
 7.6103e+01	
 7.4998e+01	
 7.4933e+01	
 7.5008e+01	
 7.5825e+01	
 7.5650e+01	
 7.5714e+01	
 7.4763e+01	
 7.6102e+01	
 7.5140e+01	
 7.4038e+01	
 7.4889e+01	
 7.5000e+01	
 7.4710e+01	
 7.6509e+01	
 7.4810e+01	
 7.5145e+01	
 7.6168e+01	
 7.5798e+01	
 7.5663e+01	
 7.5925e+01	
 7.5634e+01	
 7.6368e+01	
 7.5577e+01	
 7.5753e+01	
 7.6423e+01	
 7.6009e+01	
 7.6185e+01	
 7.6130e+01	
 7.6304e+01	
