185.49466300011
360.51602697372
534.36345696449
705.87524795532
879.81690406799
1054.8514840603
1229.5067429543
1403.3914120197
1577.4216430187
1749.1034579277
1923.0348579884
2098.6907351017
2272.7873840332
2449.5035851002
2624.5147330761
2797.8880181313
2969.4011571407
3141.0053160191
3314.7496409416
3488.2572791576
3663.0838561058
3836.7436830997
4009.2203011513
4182.0475511551
4358.3216991425
4535.2175991535
4711.4525980949
4887.7496590614
5061.2026121616
5233.7131791115
5408.3509430885
5584.1021680832
5759.4990561008
5935.2541930676
6111.3016450405
6244.3636710644
6335.8187699318
6422.4852089882
6509.3714361191
6596.3786821365
6683.6889441013
6770.6866970062
6858.0602719784
6946.7948279381
7033.4085149765
7119.7963380814
7205.8715410233
7292.6355240345
7379.0386891365
7465.7161679268
