% mean class accuracy (train set)	
 7.4803e+01	
 7.5536e+01	
 7.6996e+01	
 7.8241e+01	
 7.9991e+01	
 8.0080e+01	
 8.1332e+01	
 8.2542e+01	
 8.3009e+01	
 8.3685e+01	
 8.4331e+01	
 8.5143e+01	
 8.5486e+01	
 8.5961e+01	
 8.6994e+01	
 8.7008e+01	
 8.7785e+01	
 8.8240e+01	
 8.8521e+01	
 8.8774e+01	
 8.9198e+01	
 8.9270e+01	
 8.9693e+01	
 9.0051e+01	
 9.0305e+01	
 9.0439e+01	
 9.0995e+01	
 9.1175e+01	
 9.1509e+01	
 9.1348e+01	
 9.1915e+01	
 9.1846e+01	
 9.2143e+01	
 9.2304e+01	
 9.2473e+01	
 9.2823e+01	
 9.3022e+01	
 9.3328e+01	
 9.3361e+01	
 9.3499e+01	
 9.3587e+01	
 9.3696e+01	
 9.3796e+01	
 9.4050e+01	
 9.4167e+01	
 9.4217e+01	
 9.4423e+01	
 9.4438e+01	
 9.4630e+01	
 9.4717e+01	
