660.1281979084
1311.1379239559
1961.8753731251
2613.1473689079
3264.3960959911
3915.7864689827
4566.9409070015
5219.4168429375
5873.6393890381
6528.0516290665
7181.6311728954
7835.4524240494
8490.1986300945
9145.5793120861
9799.2517840862
10452.704453945
11105.499005079
11760.09237504
12412.981791019
13065.378581047
13719.439681053
14373.856543064
15026.077811956
15679.866672993
16334.533149004
16987.422578096
17640.554840088
18293.685796022
18946.960556984
19602.008214951
20256.115317106
20910.709854126
21564.140506983
22218.093812943
22871.119441986
23523.865046978
24178.303735971
24830.96105504
25484.172487974
26138.040918112
