% mean class accuracy (train set)	
 5.3566e+01	
 5.3999e+01	
 5.3999e+01	
 5.3999e+01	
 5.3999e+01	
 5.3999e+01	
 5.3999e+01	
 5.3997e+01	
 5.6052e+01	
 6.1034e+01	
 6.2542e+01	
 6.2851e+01	
 6.3205e+01	
 6.3557e+01	
 6.4381e+01	
 6.5354e+01	
 6.6501e+01	
 6.7391e+01	
 6.7938e+01	
 6.8741e+01	
 6.9284e+01	
 6.9884e+01	
 7.0512e+01	
 7.1044e+01	
 7.1580e+01	
 7.1972e+01	
 7.2484e+01	
 7.3034e+01	
 7.3448e+01	
 7.4085e+01	
 7.4363e+01	
 7.5039e+01	
 7.5310e+01	
 7.5990e+01	
 7.6486e+01	
 7.7160e+01	
 7.7696e+01	
 7.8284e+01	
 7.8843e+01	
 7.9398e+01	
