60.369559049606
115.36918997765
170.05449700356
289.28319501877
426.41267991066
573.10357403755
712.01507496834
858.12749886513
997.12130594254
1139.3472268581
1283.8252720833
1421.1728599072
1565.2569758892
1703.6875638962
1846.7207489014
1988.1928520203
2125.5287489891
2271.1294720173
2410.1457030773
2555.1934058666
2694.5930199623
2835.4107818604
2982.0364620686
3121.2405269146
3265.9260060787
3403.5987379551
3542.8910529613
3687.3018238544
3824.4630270004
3969.1978778839
4106.4938719273
4248.8529999256
4391.1633019447
4529.4204220772
4677.5584039688
4815.7140610218
4960.1519429684
5100.6082119942
5239.5728418827
5384.3981919289
5521.0769000053
5666.4380788803
5804.9002370834
5944.9008090496
6089.7579360008
6228.7405440807
6374.4942438602
6511.9513249397
6655.0332269669
6800.2620880604
6937.6763210297
7082.004956007
7218.3435359001
7363.8080599308
7506.7365810871
7645.5863668919
7791.5355360508
7929.7810108662
8073.7929370403
8214.6743960381
8355.30437994
8501.4054739475
8641.6808359623
8786.1204490662
8924.9417979717
9063.9596350193
9208.7557730675
9346.2947318554
9491.65823102
9629.8489739895
9770.6072678566
9916.4176139832
10054.431609869
10200.21250391
10338.925317049
10482.009074926
10623.592978954
10762.855347872
10908.712197065
11048.361648083
11192.152930975
11334.095148087
11473.176522017
11618.741991997
11757.47417593
11901.331501961
12041.047847033
12180.803351879
12326.886615038
12464.857658863
12610.590888023
12748.341917038
12891.260035992
13036.498081923
13173.609914064
13318.331268072
13456.504852057
13600.163908005
13743.755482912
13882.560688019
