% mean class accuracy (train set)	
 5.2241e+01	
 5.3366e+01	
 5.3496e+01	
 5.3918e+01	
 5.4069e+01	
 5.7153e+01	
 5.2187e+01	
 5.3105e+01	
 5.2727e+01	
 5.4087e+01	
 5.4348e+01	
 5.2885e+01	
 5.3036e+01	
 5.2080e+01	
 5.2603e+01	
 5.4077e+01	
 5.3043e+01	
 5.2338e+01	
 5.2813e+01	
 5.1581e+01	
 5.3752e+01	
 5.3466e+01	
 5.3240e+01	
 5.2711e+01	
 5.3724e+01	
 5.3064e+01	
 5.4069e+01	
 5.4069e+01	
 5.2400e+01	
 5.1345e+01	
 5.4069e+01	
 5.4069e+01	
 5.2129e+01	
 5.4069e+01	
 5.4701e+01	
 5.5878e+01	
 5.1691e+01	
 5.3374e+01	
 5.2002e+01	
 5.2994e+01	
 5.3177e+01	
 5.4793e+01	
 5.4069e+01	
 5.3624e+01	
 5.3590e+01	
 5.3263e+01	
 5.2018e+01	
 5.4069e+01	
 5.2153e+01	
 5.2883e+01	
 5.4069e+01	
 5.0825e+01	
 5.2749e+01	
 5.2705e+01	
 5.4239e+01	
 5.3238e+01	
 5.2641e+01	
 5.4069e+01	
 5.4343e+01	
 5.3230e+01	
 5.2502e+01	
 5.4766e+01	
 5.3761e+01	
 5.2363e+01	
 5.3263e+01	
 5.3219e+01	
 5.2016e+01	
 5.2209e+01	
 5.2363e+01	
 5.3311e+01	
 5.1979e+01	
 5.2612e+01	
 5.1707e+01	
 5.3260e+01	
 5.4100e+01	
 5.1788e+01	
 5.2394e+01	
 5.2260e+01	
 5.1830e+01	
 5.3482e+01	
 5.2442e+01	
 5.2731e+01	
 5.2711e+01	
 5.3892e+01	
 5.3359e+01	
 5.3216e+01	
 5.4461e+01	
 5.2677e+01	
 5.3072e+01	
 5.0938e+01	
 5.1776e+01	
 5.1741e+01	
 5.3333e+01	
 5.3701e+01	
 5.2356e+01	
 5.2781e+01	
 5.3674e+01	
 5.2508e+01	
 5.4069e+01	
 5.3357e+01	
