162.65422010422
336.28613996506
511.95271611214
688.876486063
864.81521201134
1040.8221650124
1218.1453070641
1394.3712141514
1570.7775249481
1747.1628370285
1924.1533200741
2100.3196530342
2276.713807106
2454.4500730038
2630.5854780674
2806.6898350716
2982.5019211769
3159.9347879887
3337.0037879944
3513.9654281139
3691.3132090569
3868.2939190865
4046.6398711205
4222.9259550571
4400.4549820423
4576.7479131222
4753.2115139961
4929.569658041
5105.826264143
5281.8715641499
5458.0978970528
5634.9860761166
5811.305024147
5987.8206150532
6163.7596080303
6339.5778501034
6514.9580330849
6691.2728970051
6867.437994957
7043.2152791023
7219.0001730919
7395.5184910297
7571.3121700287
7748.6728270054
7925.5049879551
8102.8118910789
8279.0868201256
8456.1568470001
8635.0400490761
8811.2600090504
8987.3328800201
9163.3119089603
9340.6467831135
9516.6085510254
9692.8390979767
9869.1946880817
10045.066205978
10220.938111067
10396.607944012
10572.849620104
10748.943675995
10925.562867165
11101.943154097
11278.153242111
11454.172954082
11629.956921101
11806.227329016
11982.351655006
12157.886326075
12335.841758966
12512.672934055
12689.354870081
12865.956558943
13044.835664034
13222.134847164
13398.352573156
13575.157725096
13750.780048132
13926.849064112
14102.603340149
14279.68908596
14455.62435317
14631.454595089
14807.423846006
14983.056360006
15158.939717054
15334.843100071
15511.094974995
15686.828458071
15862.740628004
16039.139302969
16215.581750154
16391.488878012
16567.495613098
16743.170863152
16920.026206017
17095.878605127
17273.532973051
17449.871142149
17626.024086952
