% mean class accuracy (train set)	
 5.0735e+01	
 5.2331e+01	
 5.1387e+01	
 5.2992e+01	
 5.3032e+01	
 5.2332e+01	
 5.5614e+01	
 5.4069e+01	
 5.3151e+01	
 5.3682e+01	
 5.4503e+01	
 5.3054e+01	
 5.4069e+01	
 5.4069e+01	
 5.2778e+01	
 5.5095e+01	
 5.2974e+01	
 5.4069e+01	
 5.4900e+01	
 5.2196e+01	
 5.3934e+01	
 5.4069e+01	
 5.4069e+01	
 5.2513e+01	
 5.3684e+01	
 5.2927e+01	
 5.1713e+01	
 5.2158e+01	
 5.3077e+01	
 5.3772e+01	
 5.2584e+01	
 5.4069e+01	
 5.3226e+01	
 5.3926e+01	
 5.1628e+01	
 5.3049e+01	
 5.4069e+01	
 5.2386e+01	
 5.3657e+01	
 5.5278e+01	
 5.2569e+01	
 5.4069e+01	
 5.2913e+01	
 5.4069e+01	
 5.2942e+01	
 5.4069e+01	
 5.3354e+01	
 5.4069e+01	
 5.4111e+01	
 5.2024e+01	
 5.3041e+01	
 5.3308e+01	
 5.3823e+01	
 5.3015e+01	
 5.2500e+01	
 5.1670e+01	
 5.4069e+01	
 5.2676e+01	
 5.2753e+01	
 5.2899e+01	
 5.3598e+01	
 5.3173e+01	
 5.4069e+01	
 5.2406e+01	
 5.4253e+01	
 5.4069e+01	
 5.4720e+01	
 5.4069e+01	
 5.3548e+01	
 5.3005e+01	
 5.1699e+01	
 5.3836e+01	
 5.2630e+01	
 5.1608e+01	
 5.4069e+01	
 5.6192e+01	
 5.3729e+01	
 5.2534e+01	
 5.2335e+01	
 5.2281e+01	
 5.4069e+01	
 5.3621e+01	
 5.3557e+01	
 5.4069e+01	
 5.4298e+01	
 5.4069e+01	
 5.4069e+01	
 5.4069e+01	
 5.3635e+01	
 5.3583e+01	
 5.2625e+01	
 5.4069e+01	
 5.1808e+01	
 5.3383e+01	
 5.3945e+01	
 5.3858e+01	
 5.3345e+01	
 5.4668e+01	
 5.3417e+01	
 5.4120e+01	
