76.629342079163
143.89834809303
211.47797894478
277.52737188339
343.3338239193
409.5891289711
474.87817287445
578.15245294571
687.5356490612
796.94639396667
906.32943701744
1016.4987630844
1126.6225829124
1237.0683660507
1346.331717968
1454.6149389744
1563.9057719707
1675.2960150242
1786.2894079685
1897.1001088619
2006.2800159454
2115.649075985
2224.9048969746
2334.8492338657
2445.2918820381
2554.1435499191
2663.1907958984
2772.947165966
2882.981867075
2992.6278550625
3102.3085439205
3212.1631760597
3321.4214439392
3431.1129889488
3540.8273499012
3650.4276230335
3759.7478768826
3869.4812788963
3979.9485840797
4089.7152900696
4199.8915290833
4309.1792519093
4418.6526169777
4528.2027130127
4638.0604279041
4746.8220579624
4857.2864980698
4965.4050939083
5074.0715119839
5183.3570408821
