% mean class accuracy (train set)	
 7.0669e+01	
 7.1703e+01	
 7.3604e+01	
 7.3079e+01	
 7.3980e+01	
 7.4750e+01	
 7.4014e+01	
 7.4242e+01	
 7.4881e+01	
 7.5732e+01	
 7.5892e+01	
 7.7069e+01	
 7.6920e+01	
 7.7138e+01	
 7.7296e+01	
 7.8046e+01	
 7.8072e+01	
 7.8282e+01	
 7.9091e+01	
 7.8668e+01	
 7.8922e+01	
 7.8282e+01	
 7.8994e+01	
 7.8974e+01	
 7.8245e+01	
 7.8295e+01	
 7.7114e+01	
 7.8011e+01	
 7.8512e+01	
 7.8611e+01	
 7.8910e+01	
 7.8585e+01	
 7.9800e+01	
 7.9993e+01	
 7.9632e+01	
 7.9458e+01	
 7.9098e+01	
 7.9304e+01	
 7.9471e+01	
 8.0182e+01	
 7.9671e+01	
 7.9553e+01	
 7.9896e+01	
 8.0206e+01	
 8.0519e+01	
 8.0873e+01	
 8.0334e+01	
 8.0676e+01	
 8.0795e+01	
 8.0604e+01	
