400.28917598724
793.17280292511
1185.7187209129
1578.4698839188
1971.3534209728
2365.132158041
2757.9772439003
3148.7156469822
3537.349339962
3925.9930899143
4314.7558488846
4703.4210700989
5092.2458109856
5480.8864250183
5869.5696358681
6258.2211720943
6646.8359160423
7035.5522780418
7424.6989569664
7814.644245863
8174.2219378948
8533.4312939644
8892.520403862
9251.7436308861
9610.8126990795
9969.9405229092
10328.939007044
10687.897293091
11047.199167013
11406.273778915
11765.312928915
12124.516433954
12483.835494041
12843.190680981
13202.140769958
13561.149288893
13920.131253004
14279.194364071
14638.136511087
14997.055047035
