% mean class accuracy (train set)	
 5.4055e+01	
 5.4055e+01	
 5.4055e+01	
 5.4055e+01	
 5.4056e+01	
 5.4564e+01	
 5.8981e+01	
 6.0561e+01	
 6.1733e+01	
 6.3387e+01	
 6.4739e+01	
 6.5745e+01	
 6.6554e+01	
 6.6899e+01	
 6.7912e+01	
 6.8579e+01	
 6.9102e+01	
 6.9554e+01	
 7.0054e+01	
 7.0663e+01	
 7.1025e+01	
 7.0926e+01	
 7.1093e+01	
 7.1028e+01	
 7.0903e+01	
 7.1068e+01	
 7.1263e+01	
 7.1138e+01	
 7.1173e+01	
 7.1224e+01	
 7.1080e+01	
 7.1299e+01	
 7.1141e+01	
 7.1195e+01	
 7.1204e+01	
 7.1253e+01	
 7.1184e+01	
 7.1178e+01	
 7.1098e+01	
 7.1146e+01	
