% mean class accuracy (train set)	
 5.2334e+01	
 5.5414e+01	
 5.5668e+01	
 5.6509e+01	
 5.8801e+01	
 6.0563e+01	
 6.2299e+01	
 6.2830e+01	
 6.3689e+01	
 6.4286e+01	
 6.4816e+01	
 6.5016e+01	
 6.5290e+01	
 6.5625e+01	
 6.5499e+01	
 6.5785e+01	
 6.5885e+01	
 6.6247e+01	
 6.6100e+01	
 6.6407e+01	
 6.6613e+01	
 6.6620e+01	
 6.6800e+01	
 6.6912e+01	
 6.6964e+01	
 6.7076e+01	
 6.7164e+01	
 6.7383e+01	
 6.7434e+01	
 6.7375e+01	
 6.7474e+01	
 6.7457e+01	
 6.7763e+01	
 6.7721e+01	
 6.7653e+01	
 6.7902e+01	
 6.7995e+01	
 6.7994e+01	
 6.8150e+01	
 6.8143e+01	
