164.76105618477
317.09082508087
468.73182606697
622.02062296867
783.66760206223
1032.0600571632
1280.4244301319
1530.52881217
1782.7910480499
2035.3104670048
2289.4715681076
2542.2825000286
2797.2823109627
3048.7658321857
3303.2178461552
3557.788877964
3813.0959031582
4065.9080660343
4320.9778420925
4572.9106869698
4826.5393071175
5079.3508169651
5334.148925066
5587.3648011684
5839.8544499874
6091.0682420731
6343.2991631031
6596.4253489971
6849.1168470383
7102.3086869717
7354.5722391605
7607.1479899883
7856.1655371189
8104.6817910671
8356.1583051682
8604.1706540585
8854.838643074
9104.9303600788
9356.000660181
9608.2978441715
9859.4726171494
10108.326174974
10359.507961035
10587.586080074
10785.445552111
10980.400416136
11176.360998154
11374.895828962
11572.176047087
11770.035623074
