% mean class accuracy (train set)	
 5.4129e+01	
 5.4129e+01	
 5.4129e+01	
 5.4129e+01	
 5.4129e+01	
 5.4129e+01	
 5.4129e+01	
 5.4129e+01	
 5.4129e+01	
 5.4129e+01	
 5.4130e+01	
 5.4131e+01	
 5.4140e+01	
 5.4764e+01	
 5.4271e+01	
 5.4842e+01	
 5.6800e+01	
 5.5886e+01	
 5.7573e+01	
 6.0198e+01	
 6.0873e+01	
 6.2067e+01	
 6.2932e+01	
 6.3688e+01	
 6.4075e+01	
 6.4594e+01	
 6.4773e+01	
 6.5017e+01	
 6.5242e+01	
 6.5528e+01	
 6.5442e+01	
 6.5613e+01	
 6.5958e+01	
 6.6040e+01	
 6.6154e+01	
 6.6400e+01	
 6.6383e+01	
 6.6480e+01	
 6.6545e+01	
 6.6723e+01	
 6.6805e+01	
 6.6969e+01	
 6.7004e+01	
 6.7116e+01	
 6.7177e+01	
 6.7347e+01	
 6.7387e+01	
 6.7570e+01	
 6.7591e+01	
 6.7410e+01	
