114.46445393562
219.47825908661
324.3600358963
429.19399189949
533.41681885719
638.43756699562
744.12312698364
921.45090007782
1109.4561588764
1299.6251900196
1488.9461579323
1679.2827548981
1871.1565709114
2063.0595190525
2252.0736920834
2439.3155870438
2627.600233078
2816.2885689735
3008.1299450397
3199.7895209789
3389.0671019554
3577.2088038921
3766.402905941
3957.5591800213
4148.6285629272
4340.4761369228
4528.9575889111
4717.7031109333
4908.3219759464
5098.2435569763
5288.0140578747
5480.0013289452
5666.5794289112
5853.4574670792
6045.0363268852
6234.3987779617
6428.8573639393
6620.7546799183
6807.7949030399
6994.0314390659
7184.2171170712
7370.2122919559
7562.4539809227
7757.2313289642
7920.8639919758
8076.9592480659
8233.9507448673
8393.2953670025
8550.5340909958
8707.2994990349
