% mean class accuracy (train set)	
 5.7218e+01	
 6.3547e+01	
 6.4434e+01	
 6.4714e+01	
 6.5189e+01	
 6.5509e+01	
 6.5901e+01	
 6.6046e+01	
 6.6161e+01	
 6.6535e+01	
 6.6479e+01	
 6.6760e+01	
 6.6833e+01	
 6.7265e+01	
 6.7391e+01	
 6.7306e+01	
 6.7289e+01	
 6.7796e+01	
 6.7819e+01	
 6.7734e+01	
 6.7840e+01	
 6.8014e+01	
 6.8117e+01	
 6.8149e+01	
 6.8211e+01	
 6.8332e+01	
 6.8430e+01	
 6.8435e+01	
 6.8543e+01	
 6.8407e+01	
 6.8569e+01	
 6.8679e+01	
 6.8965e+01	
 6.8988e+01	
 6.8793e+01	
 6.9033e+01	
 6.8840e+01	
 6.9127e+01	
 6.9166e+01	
 6.9105e+01	
 6.9164e+01	
 6.9348e+01	
 6.9255e+01	
 6.9302e+01	
 6.9342e+01	
 6.9355e+01	
 6.9466e+01	
 6.9475e+01	
 6.9367e+01	
 6.9470e+01	
