449.13589501381
882.86198091507
1317.960547924
1753.9195690155
2190.1179969311
2625.8930499554
3062.293268919
3499.5520000458
3935.7795038223
4372.4670329094
4811.2540819645
5248.5893118382
5685.7089779377
6122.0870418549
6557.7536449432
6992.7662220001
7428.3783509731
7863.7895498276
8299.2941439152
8734.6200659275
9170.2306900024
9606.8408930302
10042.141644001
10478.560142994
10914.582346916
11350.31003499
11785.927103043
12221.441194057
12657.344012022
13093.154985905
13528.85886693
13965.274288893
14401.691555023
14837.907850981
15273.906265974
15710.627022982
16147.034796953
16583.067814827
17019.471248865
17455.774724007
