% mean class accuracy (train set)	
 5.3817e+01	
 5.3820e+01	
 5.3828e+01	
 5.8253e+01	
 6.4176e+01	
 6.6099e+01	
 6.6819e+01	
 6.7246e+01	
 6.7597e+01	
 6.8041e+01	
 6.8582e+01	
 6.8879e+01	
 6.9059e+01	
 6.9426e+01	
 6.9768e+01	
 7.0228e+01	
 7.0479e+01	
 7.0906e+01	
 7.1395e+01	
 7.2132e+01	
 7.2598e+01	
 7.3133e+01	
 7.3659e+01	
 7.4125e+01	
 7.4731e+01	
 7.5216e+01	
 7.5835e+01	
 7.6207e+01	
 7.6920e+01	
 7.7535e+01	
 7.7855e+01	
 7.8548e+01	
 7.9068e+01	
 7.9589e+01	
 8.0200e+01	
 8.0763e+01	
 8.1153e+01	
 8.1613e+01	
 8.2006e+01	
 8.2668e+01	
