193.94313001633
377.05268502235
560.74427700043
744.08460593224
927.73220491409
1111.3038780689
1296.0133299828
1479.5498440266
1663.0447778702
1847.1505038738
2030.7593410015
2214.2166280746
2397.8745219707
2581.1748790741
2764.4012360573
2947.5841898918
3131.2232599258
3314.9429249763
3498.6186249256
3682.4519178867
3865.9982719421
4049.2042999268
4232.8443350792
4416.7546570301
4600.2034409046
4783.4741749763
4967.0482299328
5150.6395919323
5333.8505399227
5518.0833399296
5701.3663210869
5884.726131916
6069.1589789391
6253.0791509151
6436.5708680153
6620.0723419189
6804.4969758987
6986.6472709179
7169.5300180912
7353.1214230061
7536.1896820068
7719.5834519863
7902.9550120831
8087.3122029305
8271.5541520119
8454.8936440945
8638.485519886
8821.8436369896
9005.5013110638
9188.8656849861
9373.3382639885
9556.7170140743
9740.2967219353
9924.0861260891
10107.229156971
10290.162889004
10474.118021011
10657.768383026
10841.062017918
11024.415469885
11207.963213921
11391.281765938
11573.603028059
11756.849740028
11939.927459955
12123.539928913
12308.893532038
12492.619390011
12676.168441057
12860.125602007
13044.816296101
13228.206836939
13411.000416994
13595.148453951
13778.089587927
13960.753784895
14144.9582901
14328.019818068
14510.768550873
14693.452245951
14876.258970022
15059.162227869
15242.198536873
15425.253509998
15608.225719929
15790.961668015
15974.558408976
16157.622745037
16340.058830976
16522.72822094
16706.223937988
16889.664627075
17072.849874973
17257.293272018
17440.32009387
17613.036864042
17729.362447977
17844.966693878
17960.41180706
18075.408138037
