% mean class accuracy (train set)	
 5.1980e+01	
 5.3343e+01	
 5.3511e+01	
 5.3149e+01	
 5.3824e+01	
 5.2248e+01	
 5.3513e+01	
 5.3453e+01	
 5.5800e+01	
 5.0014e+01	
 5.1080e+01	
 5.3433e+01	
 5.3196e+01	
 5.4777e+01	
 5.4069e+01	
 5.1765e+01	
 5.4406e+01	
 5.4069e+01	
 5.3035e+01	
 5.1367e+01	
 5.1876e+01	
 5.4069e+01	
 5.2348e+01	
 5.4138e+01	
 5.3054e+01	
 5.3491e+01	
 5.3542e+01	
 5.3217e+01	
 5.2999e+01	
 5.4069e+01	
 5.4069e+01	
 5.4069e+01	
 5.4330e+01	
 5.3422e+01	
 5.5470e+01	
 5.4019e+01	
 5.3292e+01	
 5.4623e+01	
 5.3435e+01	
 5.1039e+01	
 5.3870e+01	
 5.2948e+01	
 5.5980e+01	
 5.4069e+01	
 5.4328e+01	
 5.2001e+01	
 5.4505e+01	
 5.3402e+01	
 5.4069e+01	
 5.4069e+01	
 5.2480e+01	
 5.2944e+01	
 5.4127e+01	
 5.3422e+01	
 5.3331e+01	
 5.3803e+01	
 5.4069e+01	
 5.3686e+01	
 5.3574e+01	
 5.4069e+01	
 5.3929e+01	
 5.2508e+01	
 5.3286e+01	
 5.2368e+01	
 5.2378e+01	
 5.2598e+01	
 5.2690e+01	
 5.2466e+01	
 5.1508e+01	
 5.1155e+01	
 5.3077e+01	
 5.4069e+01	
 5.4069e+01	
 5.3040e+01	
 5.4069e+01	
 5.2656e+01	
 5.2466e+01	
 5.2633e+01	
 5.3882e+01	
 5.2155e+01	
 5.2308e+01	
 5.4761e+01	
 5.2952e+01	
 5.2533e+01	
 5.3686e+01	
 5.4035e+01	
 5.2469e+01	
 5.4069e+01	
 5.2246e+01	
 5.2738e+01	
 5.3494e+01	
 5.2540e+01	
 5.2848e+01	
 5.5676e+01	
 5.2633e+01	
 5.2792e+01	
 5.2776e+01	
 5.1734e+01	
 5.3437e+01	
 5.1914e+01	
