100.60730290413
198.76942896843
296.3461368084
394.04780387878
493.37423682213
592.45820689201
692.32125592232
799.87227678299
968.69918394089
1136.7868168354
1305.0657248497
1473.4302380085
1643.1538319588
1808.9331638813
1978.0414669514
2141.4705469608
2312.1560587883
2476.429628849
2642.6310348511
2812.2062759399
2984.2740278244
3149.5432698727
3313.0308659077
3479.9501638412
3650.056666851
3818.6514418125
3982.7490398884
4152.3774018288
4321.5169889927
4486.5328409672
4651.98295784
4818.8597328663
4984.8913788795
5146.5008909702
5312.1010029316
5485.4601328373
5652.1404628754
5820.7821538448
5985.942196846
6155.2586159706
6320.3362820148
6483.287252903
6648.5604867935
6816.8444828987
6983.9855008125
7150.993927002
7320.8264868259
7484.3583288193
7647.5558178425
7809.4818298817
