% mean class accuracy (train set)	
 5.0892e+01	
 5.4292e+01	
 5.4488e+01	
 5.4760e+01	
 5.4630e+01	
 5.7165e+01	
 5.8938e+01	
 5.9434e+01	
 6.1850e+01	
 6.3325e+01	
 6.3891e+01	
 6.4610e+01	
 6.4907e+01	
 6.5188e+01	
 6.5404e+01	
 6.5491e+01	
 6.5725e+01	
 6.5864e+01	
 6.6045e+01	
 6.6235e+01	
 6.6412e+01	
 6.6391e+01	
 6.6529e+01	
 6.6802e+01	
 6.6752e+01	
 6.6963e+01	
 6.7105e+01	
 6.6975e+01	
 6.7209e+01	
 6.7200e+01	
 6.7357e+01	
 6.7511e+01	
 6.7563e+01	
 6.7701e+01	
 6.7596e+01	
 6.7703e+01	
 6.7776e+01	
 6.7950e+01	
 6.7970e+01	
 6.8028e+01	
 6.8022e+01	
 6.8100e+01	
 6.8061e+01	
 6.8190e+01	
 6.8205e+01	
 6.8301e+01	
 6.8297e+01	
 6.8436e+01	
 6.8344e+01	
 6.8457e+01	
