98.984287023544
190.4268848896
282.74200582504
374.535987854
466.96066093445
558.15873384476
649.95626997948
741.28744196892
833.11943483353
924.91377186775
1018.4538769722
1110.9736897945
1203.1581249237
1294.1544129848
1385.8830549717
1477.4328567982
1568.9168298244
1660.6521968842
1752.6895499229
1844.8697969913
1936.4413268566
2028.3280889988
2120.6458849907
2212.7394208908
2306.5975840092
2398.2775418758
2490.0046889782
2583.4764609337
2675.0615928173
2767.1449768543
2859.739109993
2952.4566409588
3044.7610528469
3127.6461730003
