529.80030608177
1049.9885160923
1569.5517320633
2091.4518768787
2613.5948760509
3135.0021848679
3655.5574679375
4177.078357935
4698.0040168762
5220.4947969913
5742.4755179882
6262.5453529358
6783.956815958
7305.3018190861
7827.0951108932
8347.3042268753
8869.3812420368
9389.3600819111
9909.5892999172
10429.780296087
10949.979263067
11470.476180077
11990.699963093
12510.893523932
13033.097723007
13553.233660936
14074.734761
14594.9048419
15115.277117968
15636.969701052
16157.168655872
16678.183343887
17198.862154007
17719.257543087
18239.600646973
18759.954084873
19280.810800076
19801.928863049
20322.038008928
20842.279674053
21362.663882017
21882.838314056
22402.889573097
22924.013791084
23444.132767916
23964.537049055
24486.046983957
25006.403482914
25526.534981012
26046.792804003
