% mean class accuracy (train set)	
 5.3782e+01	
 5.3782e+01	
 5.3783e+01	
 5.5282e+01	
 5.9399e+01	
 6.1401e+01	
 6.2776e+01	
 6.3378e+01	
 6.3602e+01	
 6.4275e+01	
 6.4733e+01	
 6.5648e+01	
 6.6518e+01	
 6.7718e+01	
 6.8532e+01	
 6.9357e+01	
 6.9867e+01	
 7.0479e+01	
 7.0991e+01	
 7.1515e+01	
 7.2195e+01	
 7.2731e+01	
 7.3290e+01	
 7.4052e+01	
 7.4646e+01	
 7.5306e+01	
 7.5957e+01	
 7.6696e+01	
 7.7167e+01	
 7.7825e+01	
 7.8577e+01	
 7.9058e+01	
 7.9553e+01	
 8.0082e+01	
 8.0669e+01	
 8.1172e+01	
 8.1752e+01	
 8.2362e+01	
 8.2571e+01	
 8.2943e+01	
 8.3441e+01	
 8.4158e+01	
 8.4380e+01	
 8.4708e+01	
 8.5160e+01	
 8.5452e+01	
 8.5769e+01	
 8.6063e+01	
 8.6317e+01	
 8.6562e+01	
