464.46772193909
899.06984400749
1333.8061001301
1770.1913940907
2206.7070159912
2643.6109740734
3081.0510921478
3517.1692490578
3951.6882009506
4387.6794259548
4823.9647939205
5260.0982220173
5696.4401891232
6133.9702179432
6568.9241039753
7004.9146909714
7439.8395390511
7874.750191927
8311.9594399929
8746.5671510696
9181.3557610512
9616.5879080296
10051.370543957
10487.20058012
10921.90040803
11357.068495035
11792.791468143
12227.889208078
12663.009717941
13099.80887413
13534.925189018
13970.025000095
14405.320302963
14840.525026083
15276.13926506
15711.472558022
16146.680045128
16582.06753397
17017.292551994
17453.406507015
