% mean class accuracy (train set)	
 5.3821e+01	
 5.3820e+01	
 5.4013e+01	
 6.0416e+01	
 6.4849e+01	
 6.5572e+01	
 6.6003e+01	
 6.6512e+01	
 6.6998e+01	
 6.7169e+01	
 6.7786e+01	
 6.8324e+01	
 6.9025e+01	
 6.9487e+01	
 7.0004e+01	
 7.0643e+01	
 7.0939e+01	
 7.1539e+01	
 7.1925e+01	
 7.2378e+01	
 7.2884e+01	
 7.3472e+01	
 7.4090e+01	
 7.4616e+01	
 7.5129e+01	
 7.5390e+01	
 7.6099e+01	
 7.6630e+01	
 7.7014e+01	
 7.7583e+01	
 7.8179e+01	
 7.8580e+01	
 7.8890e+01	
 7.9514e+01	
 8.0069e+01	
 8.0408e+01	
 8.0967e+01	
 8.1474e+01	
 8.1794e+01	
 8.2095e+01	
