165.8908598423
342.56864190102
517.99465990067
696.33017897606
875.84175896645
1051.1323130131
1227.0904958248
1405.7059578896
1581.5692439079
1760.8909339905
1939.013655901
2116.8488538265
2294.945057869
2473.4838268757
2654.1731619835
2832.0909810066
3013.0559039116
3191.3499510288
3369.9611668587
3548.7804439068
3727.3488390446
3907.8056769371
4085.1922638416
4263.2083468437
4441.1583030224
4618.759157896
4796.8304929733
4974.5540699959
5153.5433189869
5331.1581728458
5507.8868160248
5686.3093709946
5864.1516709328
6041.7133879662
6218.1930029392
6396.3412809372
6574.4150698185
6752.2427589893
6925.8057279587
7103.4959778786
7282.4031348228
7461.6655399799
7640.6680819988
7819.3208339214
7998.0686719418
8177.1826548576
8354.6073539257
8532.2195038795
8710.2428529263
8888.2880818844
9065.9440579414
9243.9163689613
9423.08167696
9600.7800610065
9778.0562829971
9956.5393228531
10133.69756484
10311.338934898
10488.951552868
10667.487696886
10845.379859924
11023.705380917
11201.386078835
11379.678776979
11557.222327948
11735.770308971
11914.618468046
12094.749135017
12273.199790001
12453.443861961
12633.25206089
12811.366055012
12988.969327927
13168.204263926
13346.059260845
13524.005492926
13703.020020962
13881.360998869
14059.525542021
14237.734308958
14417.001091003
14595.080667019
14772.860697031
14951.44393301
15129.207633972
15306.836074829
15484.966531038
15662.270221949
15840.468806028
16020.125941038
16202.119186878
16379.997232914
16558.879817009
16737.408823967
16916.010473967
17093.252108812
17271.170444012
17452.875263929
17630.808476925
17806.405939817
