% mean class accuracy (train set)	
 6.3872e+01	
 6.6786e+01	
 6.6709e+01	
 6.8653e+01	
 6.8052e+01	
 6.9155e+01	
 6.7633e+01	
 6.8816e+01	
 6.7664e+01	
 6.9340e+01	
 7.0660e+01	
 6.9325e+01	
 6.9336e+01	
 7.0480e+01	
 6.9325e+01	
 6.9731e+01	
 7.0713e+01	
 7.0198e+01	
 7.0708e+01	
 7.0647e+01	
 6.9687e+01	
 6.9480e+01	
 7.0530e+01	
 7.1463e+01	
 6.9580e+01	
 7.1006e+01	
 7.0186e+01	
 7.0290e+01	
 7.0604e+01	
 7.0691e+01	
 6.9248e+01	
 7.0254e+01	
 7.0435e+01	
 7.1624e+01	
 7.2022e+01	
 7.3424e+01	
 7.1381e+01	
 7.0984e+01	
 7.1495e+01	
 7.2405e+01	
 7.2204e+01	
 7.1602e+01	
 7.1318e+01	
 7.2086e+01	
 7.2107e+01	
 7.1965e+01	
 7.3532e+01	
 7.2981e+01	
 7.1346e+01	
 7.1525e+01	
 7.1788e+01	
 7.3750e+01	
 7.1750e+01	
 7.2778e+01	
 7.2863e+01	
 7.3565e+01	
 7.3753e+01	
 7.3074e+01	
 7.4114e+01	
 7.3451e+01	
 7.3547e+01	
 7.3216e+01	
 7.2991e+01	
 7.3470e+01	
 7.4292e+01	
 7.2827e+01	
 7.4091e+01	
 7.4106e+01	
 7.4278e+01	
 7.4074e+01	
 7.3831e+01	
 7.4185e+01	
 7.5915e+01	
 7.5103e+01	
 7.4437e+01	
 7.3837e+01	
 7.3583e+01	
 7.4680e+01	
 7.5017e+01	
 7.4124e+01	
 7.5072e+01	
 7.4921e+01	
 7.5056e+01	
 7.4802e+01	
 7.5347e+01	
 7.3949e+01	
 7.4771e+01	
 7.3845e+01	
 7.5183e+01	
 7.6633e+01	
 7.4775e+01	
 7.5905e+01	
 7.4181e+01	
 7.4674e+01	
 7.6115e+01	
 7.5555e+01	
 7.4665e+01	
 7.6119e+01	
 7.3207e+01	
 7.6245e+01	
