61.197849988937
116.14584684372
170.510627985
227.74661493301
370.97112298012
475.22288489342
531.86818695068
716.65663194656
917.18438696861
1140.2891309261
1347.279271841
1566.5349309444
1773.4545137882
1997.147662878
2206.2423679829
2424.6733078957
2633.9297549725
2844.7426450253
3061.3465528488
3265.4855728149
3485.078263998
3691.5142269135
3910.9631488323
4116.4867389202
4336.3346538544
4542.2169089317
4760.7228879929
4971.7055969238
5185.5111248493
5399.4771308899
5605.153608799
5820.703125
6022.2718408108
6243.1167149544
6448.0582737923
6666.4317359924
6871.3978018761
7092.2563250065
7298.7328879833
7513.7323348522
7729.774160862
7939.3999099731
8159.7620089054
8364.1211299896
8582.6920249462
8793.3000760078
9012.807379961
9217.3681788445
9436.9947519302
9635.9919819832
9851.015542984
10060.324813843
10267.733368874
10483.042006016
10689.219784975
10907.489609957
11115.317578793
11335.101634979
11540.842386961
11758.242393017
11964.91662097
12178.172402859
12386.068599939
12600.657444954
12814.142735958
13021.48937583
13237.194522858
13437.174491882
13652.995229006
13856.973395824
14075.712379932
14295.579945803
14526.586332798
14746.873719931
14974.895123005
15202.192642927
15426.786829948
15661.92261982
15882.965899944
16114.120795012
16333.531948805
16565.282941818
16793.915309906
17024.016671896
17237.691130877
17467.050939798
17689.648170948
17919.509431839
18147.895955801
18368.822839975
18599.635696888
18821.285188913
19059.039789915
19281.217164993
19513.842878819
19731.324262857
19953.755970001
20163.595182896
20389.572132826
20605.42859292
