161.47068786621
329.54198789597
499.07556581497
669.87242388725
842.04024600983
1011.8375279903
1183.7674570084
1354.5767469406
1524.1558368206
1694.5357899666
1862.930574894
2031.6092557907
2199.3269388676
2368.1363248825
2538.8285479546
2708.6697998047
2878.6449267864
3048.9601178169
3218.6909258366
3387.3777968884
3557.1239418983
3724.4325909615
3892.8871319294
4060.3825769424
4228.3859059811
4395.5081448555
4565.6985208988
4734.451048851
4903.9902558327
5071.8340129852
5241.7576959133
5410.799268961
5580.7066597939
5750.9542329311
5917.2427649498
6085.3876609802
6254.3289330006
6423.953387022
6591.3379359245
6760.8171548843
6928.9393668175
7096.6474080086
7266.0458509922
7436.9382708073
7606.7358689308
7774.0054869652
7908.9383029938
8036.6556158066
8164.7956910133
8292.3157308102
