% mean class accuracy (train set)	
 5.3866e+01	
 5.7618e+01	
 5.9932e+01	
 6.1541e+01	
 6.2921e+01	
 6.3698e+01	
 6.4023e+01	
 6.5014e+01	
 6.5030e+01	
 6.5219e+01	
 6.5581e+01	
 6.5665e+01	
 6.5733e+01	
 6.6078e+01	
 6.6231e+01	
 6.6343e+01	
 6.6402e+01	
 6.6681e+01	
 6.6766e+01	
 6.6963e+01	
 6.7118e+01	
 6.7220e+01	
 6.7293e+01	
 6.7366e+01	
 6.7481e+01	
 6.7604e+01	
 6.7677e+01	
 6.7743e+01	
 6.7815e+01	
 6.7982e+01	
 6.8016e+01	
 6.8149e+01	
 6.7984e+01	
 6.8256e+01	
 6.8292e+01	
 6.8316e+01	
 6.8444e+01	
 6.8540e+01	
 6.8526e+01	
 6.8557e+01	
 6.8703e+01	
 6.8575e+01	
 6.8717e+01	
 6.8730e+01	
 6.8730e+01	
 6.8787e+01	
 6.8806e+01	
 6.8843e+01	
 6.8962e+01	
 6.9053e+01	
