72.538200139999
129.80775308609
187.27277708054
245.7201859951
302.96632313728
360.13818502426
417.57986402512
480.21846318245
537.81762218475
595.91407608986
653.87051320076
711.78485608101
768.8090569973
825.27605509758
883.61928701401
940.45606303215
998.8747241497
1055.6685922146
1112.4244971275
1169.5324749947
1226.6089081764
1284.4226100445
1341.9064991474
1399.6136710644
1456.9593551159
1514.5628600121
1572.4261829853
1629.1817162037
1686.2860951424
1744.786534071
1803.6382651329
1863.9074242115
1920.8638670444
1978.2419660091
2035.5936951637
2093.3691790104
2150.0690760612
2206.5769610405
2264.5247039795
2321.8501081467
2380.1490981579
2437.3911240101
2495.050093174
2552.1320981979
2608.4170031548
2665.1232511997
2721.9536921978
2778.384884119
2833.7783679962
2890.7489480972
