% mean class accuracy (train set)	
 5.5699e+01	
 5.6661e+01	
 5.7598e+01	
 5.8462e+01	
 5.8499e+01	
 5.9021e+01	
 6.0519e+01	
 6.1230e+01	
 6.2115e+01	
 6.2625e+01	
 6.3218e+01	
 6.3750e+01	
 6.3936e+01	
 6.4224e+01	
 6.4398e+01	
 6.4671e+01	
 6.4883e+01	
 6.4919e+01	
 6.5205e+01	
 6.5361e+01	
 6.5481e+01	
 6.5505e+01	
 6.5635e+01	
 6.5701e+01	
 6.5843e+01	
 6.5848e+01	
 6.5993e+01	
 6.6020e+01	
 6.6215e+01	
 6.6293e+01	
 6.6294e+01	
 6.6350e+01	
 6.6421e+01	
 6.6596e+01	
 6.6585e+01	
 6.6834e+01	
 6.6757e+01	
 6.6802e+01	
 6.6874e+01	
 6.6977e+01	
 6.6949e+01	
 6.7054e+01	
 6.7155e+01	
 6.7216e+01	
 6.7173e+01	
 6.7269e+01	
 6.7432e+01	
 6.7421e+01	
 6.7427e+01	
 6.7477e+01	
