% mean class accuracy (train set)	
 6.7520e+01	
 6.9561e+01	
 6.9491e+01	
 7.0004e+01	
 7.0064e+01	
 6.9927e+01	
 7.0460e+01	
 7.1404e+01	
 7.1466e+01	
 7.2100e+01	
 7.2660e+01	
 7.2841e+01	
 7.2883e+01	
 7.2161e+01	
 7.3107e+01	
 7.2998e+01	
 7.3394e+01	
 7.2399e+01	
 7.2611e+01	
 7.3343e+01	
 7.3103e+01	
 7.4389e+01	
 7.3959e+01	
 7.3988e+01	
 7.4155e+01	
 7.4692e+01	
 7.5078e+01	
 7.4699e+01	
 7.4919e+01	
 7.5134e+01	
 7.3885e+01	
 7.4657e+01	
 7.3734e+01	
 7.5588e+01	
 7.5133e+01	
 7.5757e+01	
 7.5703e+01	
 7.5137e+01	
 7.5849e+01	
 7.6526e+01	
 7.5756e+01	
 7.6509e+01	
 7.5397e+01	
 7.6358e+01	
 7.6401e+01	
 7.6103e+01	
 7.6276e+01	
 7.5613e+01	
 7.5783e+01	
 7.7434e+01	
 7.7318e+01	
 7.6910e+01	
 7.5929e+01	
 7.6478e+01	
 7.7708e+01	
 7.6619e+01	
 7.6437e+01	
 7.5406e+01	
 7.7424e+01	
 7.6840e+01	
 7.6247e+01	
 7.7443e+01	
 7.7393e+01	
 7.6976e+01	
 7.7059e+01	
 7.7355e+01	
 7.6900e+01	
 7.6642e+01	
 7.6762e+01	
 7.7303e+01	
 7.8016e+01	
 7.6379e+01	
 7.7007e+01	
 7.7013e+01	
 7.6867e+01	
 7.7667e+01	
 7.7921e+01	
 7.7153e+01	
 7.6981e+01	
 7.7494e+01	
 7.8028e+01	
 7.7006e+01	
 7.7534e+01	
 7.7257e+01	
 7.8078e+01	
 7.7437e+01	
 7.6464e+01	
 7.6772e+01	
 7.7502e+01	
 7.6832e+01	
 7.6565e+01	
 7.5973e+01	
 7.7570e+01	
 7.5704e+01	
 7.6699e+01	
 7.7052e+01	
 7.7658e+01	
 7.7097e+01	
 7.7839e+01	
 7.7226e+01	
