590.41533899307
1176.682238102
1762.3284220695
2350.8724639416
2939.4548690319
3528.101804018
4117.1440720558
4705.1377661228
5293.2130491734
5881.5245859623
6468.5335040092
7055.3247089386
7641.1697731018
8228.9942240715
8817.1794559956
9404.8655731678
9991.8208830357
10577.839892149
11164.923936129
11751.374830008
12314.163759947
12875.596658945
13436.927459002
13999.344900131
14560.861495972
15122.191671133
15683.903778076
16245.423365116
16806.902085066
17369.479094982
17931.05173111
18492.848927021
19055.056662083
19616.798552036
20178.375832081
20740.344372034
21302.509899139
21864.129383087
22426.143486023
22989.05666995
