% mean class accuracy (train set)	
 5.4216e+01	
 5.4216e+01	
 5.4216e+01	
 5.4333e+01	
 5.7856e+01	
 6.1311e+01	
 6.2880e+01	
 6.3344e+01	
 6.3830e+01	
 6.4132e+01	
 6.4753e+01	
 6.5194e+01	
 6.5626e+01	
 6.6448e+01	
 6.7347e+01	
 6.8260e+01	
 6.9375e+01	
 7.0573e+01	
 7.1560e+01	
 7.2234e+01	
 7.2975e+01	
 7.3104e+01	
 7.3118e+01	
 7.3122e+01	
 7.3158e+01	
 7.3077e+01	
 7.3063e+01	
 7.3219e+01	
 7.3174e+01	
 7.3356e+01	
 7.3038e+01	
 7.3170e+01	
 7.3002e+01	
 7.3099e+01	
 7.3245e+01	
 7.3090e+01	
 7.3060e+01	
 7.3250e+01	
 7.3223e+01	
 7.3193e+01	
