true
nil
false
/home/justin/torch/install/share/lua/5.1/nn/CAddTable.lua:12: bad argument #2 to 'add' (size do not match)
stack traceback:
	[C]: in function 'add'
	/home/justin/torch/install/share/lua/5.1/nn/CAddTable.lua:12: in function 'func'
	...e/justin/torch/install/share/lua/5.1/nngraph/gmodule.lua:204: in function 'neteval'
	...e/justin/torch/install/share/lua/5.1/nngraph/gmodule.lua:234: in function 'forward'
	...c/rnn/results/experiment12_melody_weights_01/4_train.lua:208: in function 'forwardpass'
	...c/rnn/results/experiment12_melody_weights_01/4_train.lua:317: in function 'opfunc'
	/home/justin/torch/install/share/lua/5.1/optim/sgd.lua:43: in function 'optimMethod'
	...c/rnn/results/experiment12_melody_weights_01/4_train.lua:327: in function 'train'
	resume.lua:173: in function <resume.lua:62>
	[C]: in function 'xpcall'
	resume.lua:201: in main chunk
	[C]: in function 'dofile'
	experiment12_melody.lua:459: in main chunk
	[C]: in function 'dofile'
	...stin/torch/install/lib/luarocks/rocks/trepl/scm-1/bin/th:131: in main chunk
	[C]: at 0x00405fd0
false
...tin/torch/install/share/lua/5.1/nn/ClassNLLCriterion.lua:78: interrupted!
stack traceback:
	...tin/torch/install/share/lua/5.1/nn/ClassNLLCriterion.lua:78: in function 'updateGradInput'
	...ch/install/share/lua/5.1/nngraph/ModuleFromCriterion.lua:24: in function 'updateGradInput'
	...e/justin/torch/install/share/lua/5.1/nngraph/gmodule.lua:270: in function 'neteval'
	...e/justin/torch/install/share/lua/5.1/nngraph/gmodule.lua:304: in function 'updateGradInput'
	/home/justin/torch/install/share/lua/5.1/nn/Module.lua:30: in function 'backward'
	...c/rnn/results/experiment12_melody_weights_01/4_train.lua:225: in function 'backwardpass'
	...c/rnn/results/experiment12_melody_weights_01/4_train.lua:318: in function 'opfunc'
	/home/justin/torch/install/share/lua/5.1/optim/sgd.lua:43: in function 'optimMethod'
	...c/rnn/results/experiment12_melody_weights_01/4_train.lua:327: in function 'train'
	resume.lua:173: in function <resume.lua:62>
	[C]: in function 'xpcall'
	resume.lua:201: in main chunk
	[C]: in function 'dofile'
	experiment12_melody.lua:459: in main chunk
	[C]: in function 'dofile'
	...stin/torch/install/lib/luarocks/rocks/trepl/scm-1/bin/th:131: in main chunk
	[C]: at 0x00405fd0
false
...tin/torch/install/share/lua/5.1/nn/ClassNLLCriterion.lua:78: interrupted!
stack traceback:
	...tin/torch/install/share/lua/5.1/nn/ClassNLLCriterion.lua:78: in function 'updateGradInput'
	...ch/install/share/lua/5.1/nngraph/ModuleFromCriterion.lua:24: in function 'updateGradInput'
	...e/justin/torch/install/share/lua/5.1/nngraph/gmodule.lua:270: in function 'neteval'
	...e/justin/torch/install/share/lua/5.1/nngraph/gmodule.lua:304: in function 'updateGradInput'
	/home/justin/torch/install/share/lua/5.1/nn/Module.lua:30: in function 'backward'
	...c/rnn/results/experiment12_melody_weights_01/4_train.lua:226: in function 'backwardpass'
	...c/rnn/results/experiment12_melody_weights_01/4_train.lua:319: in function 'func'
	/home/justin/torch_utilities/sopt/adadelta.lua:46: in function 'optimMethod'
	...c/rnn/results/experiment12_melody_weights_01/4_train.lua:328: in function 'train'
	resume.lua:173: in function <resume.lua:62>
	[C]: in function 'xpcall'
	resume.lua:201: in main chunk
	[C]: in function 'dofile'
	experiment12_melody.lua:459: in main chunk
	[C]: in function 'dofile'
	...stin/torch/install/lib/luarocks/rocks/trepl/scm-1/bin/th:131: in main chunk
	[C]: at 0x00405fd0
