420.14785003662
828.46583199501
1236.2772519588
1643.6101160049
2053.5840771198
2460.7585608959
2868.2330040932
3280.2467811108
3688.343282938
4100.4327750206
4510.9647250175
4920.3940410614
5329.3629360199
5739.5159671307
6148.083974123
6568.9839279652
6977.2139780521
7386.8951370716
7794.5422239304
8202.5164649487
8611.2813279629
9019.1987020969
9427.3739590645
9834.7894170284
10242.398657084
10650.658235073
11058.231167078
11466.776192904
11875.778422117
12284.01189208
12693.735078096
13101.653399944
13509.785912991
13919.157929897
14326.912323952
14736.113404989
15145.396009922
15553.069621086
15961.930866957
16369.320662975
16776.70063591
17185.015068054
17593.615972042
18002.155210972
18410.262654066
18818.132301092
19226.26668191
19635.23220706
20043.08643508
20451.323261023
20858.103590965
21255.856256962
21652.822319031
22050.227514029
22449.560096025
22851.703647137
23258.446885109
23657.273061991
24059.107221127
24458.739352942
24857.873320103
25256.681853056
25655.286321163
26056.022494078
26455.714761019
26878.036695957
27280.913197994
27719.899995089
28121.187009096
28528.649692059
28926.878061056
29323.778023958
29720.124786139
30118.916442156
30516.762577057
30918.557647943
31316.814068079
31714.05638814
32111.284331083
32514.105884075
32912.917533159
33310.971176147
33712.362895966
34111.96182394
34510.090490103
34908.323959112
35306.374761105
35714.382559061
36116.61591506
36518.227776051
36914.720044136
37313.246072054
37709.648471117
38106.542834044
38505.906583071
38902.834553957
39300.823644161
