% mean class accuracy (train set)	
 1.5936e+01	
 3.3160e+01	
 4.1318e+01	
 4.4378e+01	
 4.5734e+01	
 4.7134e+01	
 4.8223e+01	
 4.9601e+01	
 5.1105e+01	
 5.2231e+01	
 5.2773e+01	
 5.3779e+01	
 5.4495e+01	
 5.6018e+01	
 5.6160e+01	
 5.6449e+01	
 5.7614e+01	
 5.7871e+01	
 5.9032e+01	
 5.9951e+01	
 6.0249e+01	
 6.1195e+01	
 6.1852e+01	
 6.2023e+01	
 6.2560e+01	
 6.3102e+01	
 6.3888e+01	
 6.4316e+01	
 6.4724e+01	
 6.5000e+01	
 6.5618e+01	
 6.6369e+01	
 6.6742e+01	
 6.7079e+01	
 6.7752e+01	
 6.7648e+01	
 6.8164e+01	
 6.8869e+01	
 6.9237e+01	
 6.9699e+01	
 6.9795e+01	
 7.0392e+01	
 7.0501e+01	
 7.1057e+01	
 7.1308e+01	
 7.1836e+01	
 7.2134e+01	
 7.1963e+01	
 7.2717e+01	
 7.3185e+01	
 6.9909e+01	
 7.0256e+01	
 7.1245e+01	
 7.1617e+01	
 7.2391e+01	
 7.2725e+01	
 7.3316e+01	
 7.3761e+01	
 7.4529e+01	
 7.4702e+01	
 7.4887e+01	
 7.5439e+01	
 7.5582e+01	
 7.6361e+01	
 7.6234e+01	
 7.6792e+01	
 7.7109e+01	
 7.7125e+01	
 7.7930e+01	
 7.7962e+01	
 7.8393e+01	
 7.8830e+01	
 7.8771e+01	
 7.9133e+01	
 7.9202e+01	
 7.9582e+01	
 7.9706e+01	
 7.9998e+01	
 8.0375e+01	
 8.0252e+01	
 8.0867e+01	
 8.0822e+01	
 8.1094e+01	
 8.1154e+01	
 8.1597e+01	
 8.1555e+01	
 8.1709e+01	
 8.1891e+01	
 8.2177e+01	
 8.2388e+01	
 8.2460e+01	
 8.2333e+01	
 8.2645e+01	
 8.2987e+01	
 8.3058e+01	
 8.3206e+01	
 8.3218e+01	
