169.09546399117
323.92966508865
479.68574213982
636.71590709686
792.935516119
947.56474900246
1104.8450250626
1263.6662111282
1422.272190094
1578.689800024
1735.5921120644
1889.2449491024
2042.650949955
2196.3253769875
2352.7347040176
2511.7886171341
2670.0866730213
2824.8301701546
2978.9194061756
3131.1064031124
3283.9241960049
3439.8560290337
3597.4265420437
3756.1433451176
3912.4792401791
4065.6938471794
4217.9742269516
4371.7715029716
4528.1331629753
4687.6039049625
4844.0373339653
4998.0695979595
5151.8344180584
5305.0378170013
5460.3968219757
5613.0026931763
5772.9107451439
5930.0909841061
6085.9133691788
6239.610435009
6395.2619981766
6549.5003590584
6702.9409899712
6860.0135111809
7018.2518270016
7173.7599141598
7327.3531141281
7481.0680589676
7635.7361700535
7790.4481720924
