% mean class accuracy (train set)	
 5.6082e+01	
 5.8822e+01	
 5.9435e+01	
 6.1357e+01	
 6.1651e+01	
 6.2971e+01	
 6.4091e+01	
 6.4591e+01	
 6.4971e+01	
 6.5081e+01	
 6.5476e+01	
 6.5696e+01	
 6.5820e+01	
 6.5986e+01	
 6.6113e+01	
 6.6195e+01	
 6.6349e+01	
 6.6776e+01	
 6.6687e+01	
 6.6861e+01	
 6.7018e+01	
 6.7068e+01	
 6.7168e+01	
 6.7222e+01	
 6.7280e+01	
 6.7473e+01	
 6.7619e+01	
 6.7566e+01	
 6.7662e+01	
 6.7846e+01	
 6.7812e+01	
 6.7991e+01	
 6.8052e+01	
 6.8078e+01	
 6.8040e+01	
 6.8295e+01	
 6.8287e+01	
 6.8392e+01	
 6.8360e+01	
 6.8403e+01	
 6.8526e+01	
 6.8493e+01	
 6.8664e+01	
 6.8631e+01	
 6.8608e+01	
 6.8788e+01	
 6.8829e+01	
 6.8736e+01	
 6.9010e+01	
 6.8985e+01	
