191.44011998177
370.09403395653
548.27490401268
728.72390890121
908.04571080208
1084.5779368877
1263.2888698578
1442.9833629131
1620.8603599072
1801.5961768627
1981.8342189789
2161.7803239822
2340.4990239143
2519.8844738007
2700.0713047981
2881.3265099525
3062.2689619064
3244.4735898972
3422.9108309746
3602.7154757977
3785.6149859428
3967.9331388474
4148.5085937977
4329.991601944
4509.3617229462
4687.5367159843
4868.1924757957
5047.9215948582
5228.9670739174
5410.5937018394
5589.5308749676
5768.9121088982
5950.6717059612
6132.4512398243
6314.9694619179
6496.2712268829
6675.9722118378
6854.5154728889
7035.5202310085
7214.3926978111
7393.1605010033
7571.3863499165
7750.7841668129
7891.1148188114
8025.7476708889
8159.6256577969
8285.2638959885
8372.5401928425
8458.7279620171
8545.1281838417
