% mean class accuracy (train set)	
 4.9443e+01	
 5.4129e+01	
 5.4129e+01	
 5.4129e+01	
 5.4129e+01	
 5.4129e+01	
 5.4129e+01	
 5.4129e+01	
 5.4129e+01	
 5.4131e+01	
 5.4136e+01	
 5.4177e+01	
 5.4309e+01	
 5.4495e+01	
 5.5640e+01	
 5.6451e+01	
 5.7699e+01	
 5.8159e+01	
 5.9547e+01	
 6.1790e+01	
 6.2611e+01	
 6.3266e+01	
 6.3935e+01	
 6.4751e+01	
 6.4539e+01	
 6.4976e+01	
 6.5025e+01	
 6.5268e+01	
 6.5411e+01	
 6.5637e+01	
 6.5841e+01	
 6.5847e+01	
 6.5978e+01	
 6.6166e+01	
 6.6239e+01	
 6.6434e+01	
 6.6468e+01	
 6.6537e+01	
 6.6670e+01	
 6.7014e+01	
 6.6891e+01	
 6.6980e+01	
 6.7102e+01	
 6.7090e+01	
 6.7232e+01	
 6.7243e+01	
 6.7437e+01	
 6.7510e+01	
 6.7552e+01	
 6.7679e+01	
