892.07649683952
1899.6761288643
2906.2923078537
3907.8399078846
4899.2355139256
5928.1970918179
6959.6941349506
7985.9666309357
9000.580922842
10027.280793905
11053.389880896
12083.989449978
13108.211488962
14140.038110018
15185.49771595
16220.913017035
17257.088065863
18301.234200954
19343.316160917
20384.604220867
21435.130079985
22487.543658972
23539.793797016
24587.965962887
25645.609571934
26690.776111841
27728.303409815
28770.184742928
29810.575654984
30859.428110838
31919.595186949
32982.08066082
34039.492900848
35093.327875853
36147.430788994
37184.11420989
38204.017566919
39239.127979994
40276.060742855
41330.046200037
42381.659952879
43431.147688866
44473.0057199
45513.692983866
46562.534440041
47612.459579945
48655.760210037
49696.630777836
50734.629456043
