% mean class accuracy (train set)	
 5.3864e+01	
 5.3864e+01	
 5.3864e+01	
 5.3864e+01	
 5.3864e+01	
 5.3864e+01	
 5.3864e+01	
 5.3864e+01	
 5.3864e+01	
 5.3864e+01	
 5.3864e+01	
 5.4132e+01	
 5.7194e+01	
 6.0131e+01	
 6.1736e+01	
 6.2894e+01	
 6.3359e+01	
 6.3876e+01	
 6.4604e+01	
 6.5661e+01	
 6.6680e+01	
 6.7418e+01	
 6.8222e+01	
 6.8869e+01	
 6.9335e+01	
 6.9778e+01	
 7.0253e+01	
 7.0644e+01	
 7.1026e+01	
 7.1560e+01	
 7.1863e+01	
 7.2189e+01	
 7.2808e+01	
 7.3140e+01	
 7.3585e+01	
 7.4053e+01	
 7.4546e+01	
 7.5070e+01	
 7.5700e+01	
 7.6353e+01	
 7.6926e+01	
 7.7582e+01	
 7.8393e+01	
 7.8893e+01	
 7.9503e+01	
 7.9919e+01	
 8.0519e+01	
 8.1154e+01	
 8.1590e+01	
