139.21071004868
278.65294599533
418.8400580883
561.2710211277
701.72679400444
882.9037399292
1099.4044620991
1316.6242001057
1538.0828800201
1763.4144608974
1984.6424109936
2202.9211499691
2418.0842571259
2636.2923600674
2850.0851590633
3069.091340065
3291.9345960617
3511.9569270611
3727.811934948
3942.9519729614
4161.4766869545
4381.8420801163
4601.576996088
4821.1712970734
5040.3283560276
5256.3595991135
5473.595842123
5689.1425509453
5908.8340599537
6127.8682549
6347.9662659168
6566.3593580723
6784.0972409248
7000.8363659382
7218.4088509083
7435.3530421257
7654.9080970287
7874.6997148991
8093.625138998
8314.1827740669
8532.3473749161
8758.3854820728
8980.7325570583
9209.2587530613
9427.4646708965
9644.0845859051
9863.2071979046
10083.202583075
10307.585004091
10527.977037907
