% mean class accuracy (train set)	
 5.1615e+01	
 5.9030e+01	
 6.0572e+01	
 6.1854e+01	
 6.2678e+01	
 6.3597e+01	
 6.4028e+01	
 6.4915e+01	
 6.4968e+01	
 6.5159e+01	
 6.5521e+01	
 6.5596e+01	
 6.5702e+01	
 6.6049e+01	
 6.6216e+01	
 6.6350e+01	
 6.6350e+01	
 6.6597e+01	
 6.6763e+01	
 6.6958e+01	
 6.7079e+01	
 6.7194e+01	
 6.7258e+01	
 6.7288e+01	
 6.7460e+01	
 6.7588e+01	
 6.7646e+01	
 6.7717e+01	
 6.7744e+01	
 6.7925e+01	
 6.8030e+01	
 6.8070e+01	
 6.7772e+01	
 6.8244e+01	
 6.8230e+01	
 6.8230e+01	
 6.8393e+01	
 6.8472e+01	
 6.8445e+01	
 6.8539e+01	
 6.8571e+01	
 6.8511e+01	
 6.8657e+01	
 6.8675e+01	
 6.8688e+01	
 6.8649e+01	
 6.8803e+01	
 6.8817e+01	
 6.8827e+01	
 6.8795e+01	
