461.55477499962
924.61722207069
1381.850744009
1840.7806961536
2300.260666132
2754.9682741165
3208.0050680637
3669.0299019814
4122.4114279747
4584.0375571251
5040.6336741447
5508.2916920185
5966.6746611595
6429.9041099548
6890.1215040684
7348.5093810558
7813.6818151474
8263.6253421307
8727.1358001232
9193.238713026
9538.1681611538
9884.0639381409
10144.140980959
10361.000940084
10578.349050999
10795.747951031
11014.368142128
11231.435282946
11448.444954157
11665.708234072
11882.869641066
12100.126861095
12317.182626009
12534.570757151
12750.93028903
12967.441101074
13184.188210011
13401.064990997
13617.215029955
13834.564340115
14051.111984015
14267.906960964
14484.7015481
14702.30591917
14918.835005999
15135.658553123
15352.59383297
15569.850008011
15786.567726135
16002.688367128
