% mean class accuracy (train set)	
 6.9497e+01	
 7.2072e+01	
 7.2474e+01	
 7.4187e+01	
 7.4274e+01	
 7.5656e+01	
 7.5696e+01	
 7.7400e+01	
 7.7335e+01	
 7.8618e+01	
 7.8907e+01	
 7.8904e+01	
 7.9131e+01	
 7.9762e+01	
 8.0704e+01	
 8.0576e+01	
 8.1755e+01	
 8.2071e+01	
 8.2418e+01	
 8.2921e+01	
 8.2713e+01	
 8.3300e+01	
 8.3477e+01	
 8.4051e+01	
 8.3902e+01	
 8.3635e+01	
 8.4371e+01	
 8.5020e+01	
 8.4403e+01	
 8.5612e+01	
 8.5346e+01	
 8.5427e+01	
 8.5835e+01	
 8.5526e+01	
 8.5821e+01	
 8.5639e+01	
 8.6049e+01	
 8.6537e+01	
 8.6727e+01	
 8.6525e+01	
 8.6637e+01	
 8.6710e+01	
 8.6752e+01	
 8.7086e+01	
 8.7005e+01	
 8.7291e+01	
 8.7468e+01	
 8.7401e+01	
 8.7850e+01	
 8.7666e+01	
