453.95686793327
893.71531391144
1332.3311719894
1769.4541428089
2207.0773408413
2645.0767350197
3082.8903448582
3520.995677948
3957.7028458118
4394.4013369083
4831.4614198208
5267.9202358723
5704.2220628262
6140.0279870033
6576.8313918114
7013.4916129112
7452.7369530201
7889.3720128536
8326.5729329586
8763.395911932
9200.6996819973
9638.3055508137
10074.02547884
10510.531607866
10946.434135914
11381.540269852
11816.750010967
12252.937628984
12690.26983285
13126.473973989
13563.570288897
13999.862792969
14436.967835903
14875.475516796
15310.782226801
15746.292049885
16181.49313283
16616.400880814
17054.001219988
17489.005270004
