% mean class accuracy (train set)	
 6.9529e+01	
 7.6279e+01	
 8.0137e+01	
 8.2491e+01	
 8.4446e+01	
 8.5917e+01	
 8.6895e+01	
 8.8025e+01	
 8.8640e+01	
 8.9075e+01	
 8.9664e+01	
 9.0094e+01	
 9.0563e+01	
 9.0965e+01	
 9.1226e+01	
 9.1446e+01	
 9.1827e+01	
 9.2040e+01	
 9.2363e+01	
 9.2576e+01	
 9.2791e+01	
 9.3022e+01	
 9.3220e+01	
 9.3292e+01	
 9.3480e+01	
 9.3657e+01	
 9.3774e+01	
 9.3944e+01	
 9.4066e+01	
 9.4208e+01	
 9.4346e+01	
 9.4370e+01	
 9.4598e+01	
 9.4622e+01	
 9.4856e+01	
 9.4856e+01	
 9.4977e+01	
 9.5008e+01	
 9.5077e+01	
 9.5242e+01	
