362.71799302101
761.16326808929
1156.4005899429
1548.3315389156
1940.2742240429
2327.7975409031
2716.6551110744
3107.353812933
3497.5827829838
3892.4670009613
4286.4834311008
4677.526499033
5064.8571209908
5455.7790300846
5845.760529995
6234.8915550709
6624.5284879208
7014.6519069672
7408.7833549976
7799.6922669411
8192.7062470913
8582.8369629383
8973.5657138824
9362.0334610939
9749.3071708679
10137.502507925
10530.086679935
10921.282285929
11313.180070877
11702.518034935
12093.65527606
12482.975204945
12869.400898933
13255.214061022
13653.210321903
14067.637162924
14483.938273907
14903.351334095
15325.527013063
15743.689866066
16158.871819019
16574.196754932
16991.722467899
17412.101336956
17830.714752913
18251.847651958
18674.920109034
19092.914107084
19509.96104002
19923.002032042
20299.233231068
20657.031735897
21017.066935062
21240.884414911
21421.819664955
21603.269865036
21784.253856897
21964.952284098
22145.495961905
22326.243362904
22506.720977068
22687.284552097
22867.9861269
23048.673755884
23229.308769941
23409.961622953
23590.622363091
23771.346898079
23952.220175982
24132.906918049
24313.652668953
24494.496327877
24675.236383915
24857.63814497
25038.39042902
25219.198432922
25400.076200962
25581.04927206
25762.6574471
25945.074379921
26126.097567081
26307.165261984
26488.148021936
26669.527131081
26850.707311869
27031.720136881
27212.906087875
27394.051241875
27576.67800808
27757.816735983
27938.941689968
28120.205543995
28301.361517906
28483.566417933
28664.798695087
28845.953573942
29027.767636061
29208.932214975
29390.082823992
29571.269457102
