99.857214927673
192.34961795807
282.5308098793
372.6798248291
463.32418179512
554.24556994438
645.11475682259
735.69014286995
826.78207182884
917.20382785797
1006.7065458298
1096.2184259892
1186.4176039696
1277.1482160091
1367.1114578247
1457.5156078339
1547.8358209133
1638.1918809414
1728.1911218166
1817.8499388695
1908.2287700176
1997.7216730118
2087.831403017
2178.194975853
2268.7922968864
2359.3452348709
2449.0574688911
2538.8987259865
2629.0324308872
2719.5690097809
2809.1654179096
2899.2018690109
2988.9340519905
3078.9694759846
3169.3492269516
3259.3368399143
3348.3219118118
3437.4211168289
3528.0555038452
3618.5009758472
3707.4424068928
3795.1817069054
3881.9661669731
3969.7884008884
4059.956964016
4149.1134719849
4237.1703598499
4321.0032739639
4374.826417923
4428.8665378094
