86.543867826462
170.80469489098
251.65216994286
332.46203804016
411.92334294319
492.21443581581
573.19310903549
652.89246702194
732.29665899277
811.49636387825
891.32103395462
971.87902402878
1051.8597450256
1132.4659750462
1212.8022618294
1293.0675849915
1374.2353799343
1453.7236318588
1529.1856479645
1613.7773120403
1692.6293480396
1767.8880078793
1847.9959590435
1927.5764479637
2006.4304180145
2085.0113608837
2161.628237009
2239.4325518608
2316.0706620216
2395.3499469757
2474.1765108109
2554.4596838951
2636.7917289734
2718.5040419102
2803.0169649124
2884.6996798515
2965.9794328213
3047.7545819283
3132.9803979397
3214.5360729694
3296.0935230255
3377.6413760185
3459.9044589996
3541.5162308216
3623.0012528896
3705.4517450333
3786.8692719936
3870.2715859413
3952.3611118793
4034.9974768162
4117.4637649059
4199.6238980293
4281.9715719223
4363.3327298164
4445.5284378529
4528.1179599762
4612.309568882
4694.9526219368
4776.4271910191
4850.06001091
