% mean class accuracy (train set)	
 6.3689e+01	
 6.6875e+01	
 6.6816e+01	
 6.8650e+01	
 6.8206e+01	
 6.9016e+01	
 6.8221e+01	
 6.9426e+01	
 6.7996e+01	
 6.9444e+01	
 7.0518e+01	
 6.7918e+01	
 6.9053e+01	
 7.0100e+01	
 6.9944e+01	
 7.0020e+01	
 7.0908e+01	
 6.9818e+01	
 7.0668e+01	
 7.1547e+01	
 6.9020e+01	
 6.8726e+01	
 7.0468e+01	
 7.0974e+01	
 6.8899e+01	
 7.0306e+01	
 6.8500e+01	
 6.9419e+01	
 7.0508e+01	
 7.0485e+01	
 6.9162e+01	
 6.9722e+01	
 7.0584e+01	
 7.2397e+01	
 7.2411e+01	
 7.3400e+01	
 7.1349e+01	
 7.0099e+01	
 7.1312e+01	
 7.1344e+01	
 7.2427e+01	
 7.1279e+01	
 7.0926e+01	
 7.2046e+01	
 7.1479e+01	
 7.1053e+01	
 7.3628e+01	
 7.2020e+01	
 7.2222e+01	
 7.1531e+01	
 7.1454e+01	
 7.3699e+01	
 7.2115e+01	
 7.3182e+01	
 7.2962e+01	
 7.3727e+01	
 7.4396e+01	
 7.4126e+01	
 7.4651e+01	
 7.3079e+01	
