281.04388809204
556.31904387474
831.56908798218
1106.791011095
1382.2495729923
1658.2229089737
1935.4695630074
2211.4962279797
2487.3998260498
2762.6199440956
3039.1227040291
3314.8918380737
3590.0370368958
3865.138808012
4140.2106490135
4416.0060009956
4691.0610609055
4966.7180070877
5242.4562170506
5518.2196719646
5784.8405990601
6051.3112590313
6317.7868010998
6584.2236320972
6852.0606610775
7119.0952460766
7386.4619090557
7653.0039560795
7919.5188179016
8186.2179429531
8452.6788949966
8719.0917730331
8986.2036678791
9253.2825529575
9519.8274679184
9786.3023629189
10052.894162893
10319.885757923
10586.384716034
10852.79924798
