% mean class accuracy (train set)	
 5.3722e+01	
 5.3853e+01	
 5.3853e+01	
 5.3853e+01	
 5.3853e+01	
 5.4915e+01	
 5.8528e+01	
 6.1684e+01	
 6.2359e+01	
 6.2408e+01	
 6.2675e+01	
 6.2717e+01	
 6.2985e+01	
 6.3083e+01	
 6.3198e+01	
 6.3340e+01	
 6.3611e+01	
 6.3675e+01	
 6.4073e+01	
 6.4382e+01	
 6.5106e+01	
 6.5162e+01	
 6.5167e+01	
 6.5180e+01	
 6.5166e+01	
 6.4988e+01	
 6.5139e+01	
 6.5115e+01	
 6.5271e+01	
 6.5109e+01	
 6.5072e+01	
 6.5009e+01	
 6.5140e+01	
 6.5101e+01	
 6.5114e+01	
 6.5061e+01	
 6.4997e+01	
 6.5117e+01	
 6.5222e+01	
 6.5150e+01	
