197.12470197678
382.19685411453
568.26775407791
753.15743803978
939.06968307495
1123.9274349213
1309.2700669765
1495.064743042
1679.983412981
1865.6780951023
2050.5650279522
2234.9919741154
2418.9061970711
2603.9394049644
2788.4832389355
2976.2624020576
3160.8518819809
3345.4522111416
3581.3758130074
3913.915872097
4246.6855230331
4567.7564971447
4896.7584681511
5229.9955840111
5560.9436640739
5883.6444311142
6211.9378240108
6548.2014651299
6875.7747180462
7199.4993209839
7528.9497311115
7857.2551510334
8182.4130599499
8504.309623003
8833.5586891174
9152.2516510487
9473.7807281017
9806.4926741123
10127.24832201
10445.839055061
10774.053740978
11102.034510136
11427.985705137
11754.528990984
12083.393733025
12398.341464043
12695.558807135
12951.231895924
13207.235949039
13458.515332937
