105.16487288475
199.60550403595
294.13210082054
388.48639583588
482.68164300919
577.19879102707
671.85866904259
766.04509091377
859.92309594154
953.73238992691
1047.7278938293
1141.9248638153
1234.8413949013
1327.7928798199
1420.8205180168
1513.8228578568
1606.8190488815
1699.6978669167
1792.6054258347
1885.4388120174
1981.1393609047
2073.9966878891
2166.8509149551
2261.4851698875
2354.9881749153
2448.5759470463
2542.1341290474
2636.0452129841
2729.6095738411
2823.1543269157
2916.8174090385
3010.7036888599
3104.3684008121
3198.2485048771
3291.9489269257
3385.6235740185
3479.2968850136
3572.9095790386
3666.5256049633
3760.1433680058
3854.5347590446
3948.1481208801
4041.8170750141
4135.45418787
4229.9939899445
4324.5631289482
4418.4331889153
4512.1213998795
4605.8570740223
4700.0171339512
