% mean class accuracy (train set)	
 5.1864e+01	
 5.8665e+01	
 6.2343e+01	
 6.4658e+01	
 6.6158e+01	
 6.7517e+01	
 6.8697e+01	
 6.9806e+01	
 7.0717e+01	
 7.1582e+01	
 7.2349e+01	
 7.3078e+01	
 7.3691e+01	
 7.4403e+01	
 7.4941e+01	
 7.5470e+01	
 7.5984e+01	
 7.6502e+01	
 7.6967e+01	
 7.7442e+01	
 7.7858e+01	
 7.8290e+01	
 7.8710e+01	
 7.8995e+01	
 7.9425e+01	
 7.9730e+01	
 8.0090e+01	
 8.0412e+01	
 8.0702e+01	
 8.1021e+01	
 8.1246e+01	
 8.1550e+01	
 8.1872e+01	
 8.2103e+01	
 8.2358e+01	
 8.2618e+01	
 8.2891e+01	
 8.3107e+01	
 8.3258e+01	
 8.3502e+01	
 8.3734e+01	
 8.3962e+01	
 8.4154e+01	
 8.4361e+01	
 8.4557e+01	
 8.4748e+01	
 8.4934e+01	
 8.5167e+01	
 8.5303e+01	
 8.5442e+01	
