159.17931199074
306.50959086418
453.67119383812
601.41792702675
749.52708292007
897.06908202171
1044.3214178085
1192.2261908054
1340.2769179344
1487.027493
1636.0532298088
1782.0862219334
1930.600039959
2077.7904248238
2225.710901022
2373.2122650146
2520.5752379894
2668.3551080227
2817.2722899914
2964.3174200058
3112.2911329269
3258.7462558746
3408.315680027
3555.3712990284
3702.952824831
3851.6581828594
3998.4587509632
4145.6305189133
4292.8773198128
4442.0546519756
4590.4467079639
4737.5028398037
4885.3328719139
5032.7131078243
5180.8587079048
5327.281291008
5475.5105068684
5626.3615260124
5774.180123806
5921.5549759865
6068.6897008419
6217.5877728462
6366.796432972
6513.76420784
6661.4105129242
6808.9862129688
6956.1538529396
7103.3196749687
7252.3319330215
7399.5950939655
