% mean class accuracy (train set)	
 5.4129e+01	
 5.4129e+01	
 5.4129e+01	
 5.4129e+01	
 5.4129e+01	
 5.4129e+01	
 5.4129e+01	
 5.4129e+01	
 5.4129e+01	
 5.4129e+01	
 5.4129e+01	
 5.4129e+01	
 5.4129e+01	
 5.4129e+01	
 5.4129e+01	
 5.4129e+01	
 5.4129e+01	
 5.4129e+01	
 5.4129e+01	
 5.4129e+01	
 5.4129e+01	
 5.4129e+01	
 5.4129e+01	
 5.4129e+01	
 5.4129e+01	
 5.4129e+01	
 5.4129e+01	
 5.4129e+01	
 5.4129e+01	
 5.4129e+01	
 5.4129e+01	
 5.4129e+01	
 5.4129e+01	
 5.4129e+01	
 5.4129e+01	
 5.4129e+01	
 5.4129e+01	
 5.4129e+01	
 5.4129e+01	
 5.4129e+01	
 5.4129e+01	
 5.4129e+01	
 5.4129e+01	
 5.4129e+01	
 5.4129e+01	
 5.4129e+01	
 5.4129e+01	
 5.4129e+01	
 5.4129e+01	
 5.4129e+01	
