172.29499602318
333.04196095467
493.92214107513
652.17358398438
810.39483189583
968.44059801102
1127.3125259876
1285.4649338722
1443.6804668903
1601.8297309875
1759.9790399075
1918.3507890701
2076.5310389996
2234.7666220665
2392.8926348686
2551.2344520092
2709.3343949318
2867.5663180351
3025.8369250298
3184.0000879765
3342.0869169235
3500.3326618671
3658.4235990047
3817.4442720413
3975.6207849979
4133.7458510399
4291.9614379406
4450.6247708797
4608.7387008667
4767.039249897
4925.3438658714
5083.5432150364
5241.8334379196
5400.1253449917
5558.3287119865
5716.477907896
5874.7056870461
6032.791064024
6190.9871299267
6349.1546308994
6507.3456590176
6665.6514508724
6823.8515548706
6982.2442319393
7141.1011948586
7299.2919120789
7457.6461930275
7615.8948979378
7773.9925899506
7932.1518690586
