% mean class accuracy (train set)	
 5.4009e+01	
 5.9984e+01	
 6.3176e+01	
 6.5431e+01	
 6.7206e+01	
 6.8678e+01	
 7.0040e+01	
 7.1218e+01	
 7.2334e+01	
 7.3286e+01	
 7.4120e+01	
 7.4934e+01	
 7.5741e+01	
 7.6401e+01	
 7.7025e+01	
 7.7722e+01	
 7.8228e+01	
 7.8716e+01	
 7.9235e+01	
 7.9723e+01	
 8.0149e+01	
 8.0611e+01	
 8.0954e+01	
 8.1331e+01	
 8.1675e+01	
 8.2051e+01	
 8.2394e+01	
 8.2745e+01	
 8.3026e+01	
 8.3314e+01	
 8.3607e+01	
 8.3862e+01	
 8.4178e+01	
 8.4435e+01	
 8.4665e+01	
 8.4889e+01	
 8.5096e+01	
 8.5335e+01	
 8.5591e+01	
 8.5783e+01	
 8.6012e+01	
 8.6174e+01	
 8.6402e+01	
 8.6539e+01	
 8.6729e+01	
 8.6916e+01	
 8.7087e+01	
 8.7268e+01	
 8.7451e+01	
 8.7625e+01	
